Using pre-set license
Built from '2020.3/staging' branch; Version is '2020.3.32f1 (12f8b0834f07) revision 1243312'; Using compiler version '192528614'; Build Type 'Release'
OS: 'Windows 10  (10.0.19045) 64bit Core' Language: 'en' Physical Memory: 32691 MB
BatchMode: 1, IsHumanControllingUs: 0, StartBugReporterOnCrash: 0, Is64bit: 1, IsPro: 0

COMMAND LINE ARGUMENTS:
C:\Program Files\Unity\Hub\Editor\2020.3.32f1\Editor\Unity.exe
-adb2
-batchMode
-noUpm
-name
AssetImportWorker0
-projectPath
G:/UnityProjects/ML-Game/ML-Game
-logFile
Logs/AssetImportWorker0.log
-srvPort
64385
Successfully changed project path to: G:/UnityProjects/ML-Game/ML-Game
G:/UnityProjects/ML-Game/ML-Game
Using Asset Import Pipeline V2.
Refreshing native plugins compatible for Editor in 45.92 ms, found 3 plugins.
Preloading 0 native plugins for Editor in 0.00 ms.
Initialize engine version: 2020.3.32f1 (12f8b0834f07)
[Subsystems] Discovering subsystems at path C:/Program Files/Unity/Hub/Editor/2020.3.32f1/Editor/Data/Resources/UnitySubsystems
[Subsystems] Discovering subsystems at path G:/UnityProjects/ML-Game/ML-Game/Assets
GfxDevice: creating device client; threaded=0
Direct3D:
    Version:  Direct3D 11.0 [level 11.1]
    Renderer: NVIDIA GeForce GTX 1080 (ID=0x1b80)
    Vendor:   
    VRAM:     8072 MB
    Driver:   31.0.15.2698
Initialize mono
Mono path[0] = 'C:/Program Files/Unity/Hub/Editor/2020.3.32f1/Editor/Data/Managed'
Mono path[1] = 'C:/Program Files/Unity/Hub/Editor/2020.3.32f1/Editor/Data/MonoBleedingEdge/lib/mono/unityjit'
Mono config path = 'C:/Program Files/Unity/Hub/Editor/2020.3.32f1/Editor/Data/MonoBleedingEdge/etc'
Using monoOptions --debugger-agent=transport=dt_socket,embedding=1,server=y,suspend=n,address=127.0.0.1:56268
Begin MonoManager ReloadAssembly
Registering precompiled unity dll's ...
Register platform support module: C:/Program Files/Unity/Hub/Editor/2020.3.32f1/Editor/Data/PlaybackEngines/WindowsStandaloneSupport/UnityEditor.WindowsStandalone.Extensions.dll
Registered in 0.002106 seconds.
Native extension for WindowsStandalone target not found
Refreshing native plugins compatible for Editor in 43.76 ms, found 3 plugins.
Preloading 0 native plugins for Editor in 0.00 ms.
Mono: successfully reloaded assembly
- Completed reload, in  0.583 seconds
Domain Reload Profiling:
	ReloadAssembly (584ms)
		BeginReloadAssembly (65ms)
			ExecutionOrderSort (0ms)
			DisableScriptedObjects (0ms)
			BackupInstance (0ms)
			ReleaseScriptingObjects (0ms)
			CreateAndSetChildDomain (1ms)
		EndReloadAssembly (452ms)
			LoadAssemblies (62ms)
			RebuildTransferFunctionScriptingTraits (0ms)
			SetupTypeCache (152ms)
			ReleaseScriptCaches (0ms)
			RebuildScriptCaches (28ms)
			SetupLoadedEditorAssemblies (167ms)
				LogAssemblyErrors (0ms)
				InitializePlatformSupportModulesInManaged (4ms)
				SetLoadedEditorAssemblies (0ms)
				RefreshPlugins (44ms)
				BeforeProcessingInitializeOnLoad (15ms)
				ProcessInitializeOnLoadAttributes (77ms)
				ProcessInitializeOnLoadMethodAttributes (27ms)
				AfterProcessingInitializeOnLoad (0ms)
				EditorAssembliesLoaded (0ms)
			ExecutionOrderSort2 (0ms)
			AwakeInstancesAfterBackupRestoration (0ms)
Platform modules already initialized, skipping
Registering precompiled user dll's ...
Registered in 0.002289 seconds.
Begin MonoManager ReloadAssembly
Native extension for WindowsStandalone target not found
Refreshing native plugins compatible for Editor in 43.86 ms, found 3 plugins.
Preloading 0 native plugins for Editor in 0.00 ms.
Mono: successfully reloaded assembly
- Completed reload, in  1.068 seconds
Domain Reload Profiling:
	ReloadAssembly (1069ms)
		BeginReloadAssembly (146ms)
			ExecutionOrderSort (0ms)
			DisableScriptedObjects (4ms)
			BackupInstance (0ms)
			ReleaseScriptingObjects (0ms)
			CreateAndSetChildDomain (17ms)
		EndReloadAssembly (864ms)
			LoadAssemblies (98ms)
			RebuildTransferFunctionScriptingTraits (0ms)
			SetupTypeCache (272ms)
			ReleaseScriptCaches (0ms)
			RebuildScriptCaches (47ms)
			SetupLoadedEditorAssemblies (336ms)
				LogAssemblyErrors (0ms)
				InitializePlatformSupportModulesInManaged (3ms)
				SetLoadedEditorAssemblies (0ms)
				RefreshPlugins (44ms)
				BeforeProcessingInitializeOnLoad (73ms)
				ProcessInitializeOnLoadAttributes (194ms)
				ProcessInitializeOnLoadMethodAttributes (15ms)
				AfterProcessingInitializeOnLoad (7ms)
				EditorAssembliesLoaded (0ms)
			ExecutionOrderSort2 (0ms)
			AwakeInstancesAfterBackupRestoration (6ms)
Platform modules already initialized, skipping
========================================================================
Worker process is ready to serve import requests
Launched and connected shader compiler UnityShaderCompiler.exe after 0.05 seconds
Refreshing native plugins compatible for Editor in 0.43 ms, found 3 plugins.
Preloading 0 native plugins for Editor in 0.00 ms.
Unloading 2256 Unused Serialized files (Serialized files now loaded: 0)
System memory in use before: 100.4 MB.
System memory in use after: 100.4 MB.

Unloading 31 unused Assets to reduce memory usage. Loaded Objects now: 2689.
Total: 2.555600 ms (FindLiveObjects: 0.147300 ms CreateObjectMapping: 0.077100 ms MarkObjects: 2.206400 ms  DeleteObjects: 0.124200 ms)

AssetImportParameters requested are different than current active one (requested -> active):
  custom:framework-win-MediaFoundation: 216162199b28c13a410421893ffa2e32 -> 
  custom:video-decoder-ogg-theora: a1e56fd34408186e4bbccfd4996cb3dc -> 
  custom:container-muxer-webm: aa71ff27fc2769a1b78a27578f13a17b -> 
  custom:container-demuxer-webm: 4f35f7cbe854078d1ac9338744f61a02 -> 
  custom:container-demuxer-ogg: 62fdf1f143b41e24485cea50d1cbac27 -> 
  custom:video-encoder-webm-vp8: eb34c28f22e8b96e1ab97ce403110664 -> 
  custom:video-decoder-webm-vp8: 9c59270c3fd7afecdb556c50c9e8de78 -> 
  custom:audio-decoder-ogg-vorbis: bf7c407c2cedff20999df2af8eb42d56 -> 
  custom:audio-encoder-webm-vorbis: bf7c407c2cedff20999df2af8eb42d56 -> 
========================================================================
Received Import Request.
  path: Assets/Images/istockphoto-1279840008-612x612.jpg
  artifactKey: Guid(494732a209a247643b22bf5313686915) Importer(815301076,1909f56bfc062723c751e8b465ee728b)
Start importing Assets/Images/istockphoto-1279840008-612x612.jpg using Guid(494732a209a247643b22bf5313686915) Importer(815301076,1909f56bfc062723c751e8b465ee728b)  -> (artifact id: '98fac7b05f3bb78880499eae7ce67423') in 0.110652 seconds 
========================================================================
Received Prepare
Registering precompiled user dll's ...
Registered in 0.002292 seconds.
Begin MonoManager ReloadAssembly
Native extension for WindowsStandalone target not found
Refreshing native plugins compatible for Editor in 0.51 ms, found 3 plugins.
Preloading 0 native plugins for Editor in 0.00 ms.
Mono: successfully reloaded assembly
- Completed reload, in  1.012 seconds
Domain Reload Profiling:
	ReloadAssembly (1012ms)
		BeginReloadAssembly (129ms)
			ExecutionOrderSort (0ms)
			DisableScriptedObjects (6ms)
			BackupInstance (0ms)
			ReleaseScriptingObjects (0ms)
			CreateAndSetChildDomain (37ms)
		EndReloadAssembly (821ms)
			LoadAssemblies (100ms)
			RebuildTransferFunctionScriptingTraits (0ms)
			SetupTypeCache (295ms)
			ReleaseScriptCaches (1ms)
			RebuildScriptCaches (44ms)
			SetupLoadedEditorAssemblies (294ms)
				LogAssemblyErrors (0ms)
				InitializePlatformSupportModulesInManaged (4ms)
				SetLoadedEditorAssemblies (0ms)
				RefreshPlugins (1ms)
				BeforeProcessingInitializeOnLoad (81ms)
				ProcessInitializeOnLoadAttributes (189ms)
				ProcessInitializeOnLoadMethodAttributes (11ms)
				AfterProcessingInitializeOnLoad (8ms)
				EditorAssembliesLoaded (0ms)
			ExecutionOrderSort2 (0ms)
			AwakeInstancesAfterBackupRestoration (8ms)
Platform modules already initialized, skipping
Refreshing native plugins compatible for Editor in 0.48 ms, found 3 plugins.
Preloading 0 native plugins for Editor in 0.00 ms.
Unloading 2238 Unused Serialized files (Serialized files now loaded: 0)
System memory in use before: 102.1 MB.
System memory in use after: 102.1 MB.

Unloading 20 unused Assets to reduce memory usage. Loaded Objects now: 2698.
Total: 2.699200 ms (FindLiveObjects: 0.148000 ms CreateObjectMapping: 0.075400 ms MarkObjects: 2.373200 ms  DeleteObjects: 0.101800 ms)

AssetImportParameters requested are different than current active one (requested -> active):
  custom:framework-win-MediaFoundation: 216162199b28c13a410421893ffa2e32 -> 
  custom:video-decoder-ogg-theora: a1e56fd34408186e4bbccfd4996cb3dc -> 
  custom:container-muxer-webm: aa71ff27fc2769a1b78a27578f13a17b -> 
  custom:container-demuxer-webm: 4f35f7cbe854078d1ac9338744f61a02 -> 
  custom:container-demuxer-ogg: 62fdf1f143b41e24485cea50d1cbac27 -> 
  custom:video-encoder-webm-vp8: eb34c28f22e8b96e1ab97ce403110664 -> 
  custom:video-decoder-webm-vp8: 9c59270c3fd7afecdb556c50c9e8de78 -> 
  custom:audio-decoder-ogg-vorbis: bf7c407c2cedff20999df2af8eb42d56 -> 
  custom:audio-encoder-webm-vorbis: bf7c407c2cedff20999df2af8eb42d56 -> 
========================================================================
Received Import Request.
  Time since last request: 83.632271 seconds.
  path: Assets/Images/ad222d4e1a9469c6369d3dd974c2ca79.gif
  artifactKey: Guid(2d5310a00aa936949a8b7d01306f3076) Importer(815301076,1909f56bfc062723c751e8b465ee728b)
Start importing Assets/Images/ad222d4e1a9469c6369d3dd974c2ca79.gif using Guid(2d5310a00aa936949a8b7d01306f3076) Importer(815301076,1909f56bfc062723c751e8b465ee728b)  -> (artifact id: '0b133b3733253977775f657b3edf9b23') in 0.048134 seconds 
========================================================================
Received Prepare
Registering precompiled user dll's ...
Registered in 0.002364 seconds.
Begin MonoManager ReloadAssembly
Native extension for WindowsStandalone target not found
Refreshing native plugins compatible for Editor in 0.45 ms, found 3 plugins.
Preloading 0 native plugins for Editor in 0.00 ms.
Mono: successfully reloaded assembly
- Completed reload, in  0.922 seconds
Domain Reload Profiling:
	ReloadAssembly (922ms)
		BeginReloadAssembly (112ms)
			ExecutionOrderSort (0ms)
			DisableScriptedObjects (6ms)
			BackupInstance (0ms)
			ReleaseScriptingObjects (0ms)
			CreateAndSetChildDomain (33ms)
		EndReloadAssembly (753ms)
			LoadAssemblies (92ms)
			RebuildTransferFunctionScriptingTraits (0ms)
			SetupTypeCache (259ms)
			ReleaseScriptCaches (1ms)
			RebuildScriptCaches (39ms)
			SetupLoadedEditorAssemblies (278ms)
				LogAssemblyErrors (0ms)
				InitializePlatformSupportModulesInManaged (4ms)
				SetLoadedEditorAssemblies (0ms)
				RefreshPlugins (0ms)
				BeforeProcessingInitializeOnLoad (75ms)
				ProcessInitializeOnLoadAttributes (181ms)
				ProcessInitializeOnLoadMethodAttributes (10ms)
				AfterProcessingInitializeOnLoad (7ms)
				EditorAssembliesLoaded (0ms)
			ExecutionOrderSort2 (0ms)
			AwakeInstancesAfterBackupRestoration (8ms)
Platform modules already initialized, skipping
Refreshing native plugins compatible for Editor in 0.50 ms, found 3 plugins.
Preloading 0 native plugins for Editor in 0.00 ms.
Unloading 2238 Unused Serialized files (Serialized files now loaded: 0)
System memory in use before: 102.2 MB.
System memory in use after: 102.1 MB.

Unloading 20 unused Assets to reduce memory usage. Loaded Objects now: 2704.
Total: 3.097900 ms (FindLiveObjects: 0.163300 ms CreateObjectMapping: 0.107600 ms MarkObjects: 2.707300 ms  DeleteObjects: 0.118800 ms)

AssetImportParameters requested are different than current active one (requested -> active):
  custom:framework-win-MediaFoundation: 216162199b28c13a410421893ffa2e32 -> 
  custom:video-decoder-ogg-theora: a1e56fd34408186e4bbccfd4996cb3dc -> 
  custom:container-muxer-webm: aa71ff27fc2769a1b78a27578f13a17b -> 
  custom:container-demuxer-webm: 4f35f7cbe854078d1ac9338744f61a02 -> 
  custom:container-demuxer-ogg: 62fdf1f143b41e24485cea50d1cbac27 -> 
  custom:video-encoder-webm-vp8: eb34c28f22e8b96e1ab97ce403110664 -> 
  custom:video-decoder-webm-vp8: 9c59270c3fd7afecdb556c50c9e8de78 -> 
  custom:audio-decoder-ogg-vorbis: bf7c407c2cedff20999df2af8eb42d56 -> 
  custom:audio-encoder-webm-vorbis: bf7c407c2cedff20999df2af8eb42d56 -> 
========================================================================
Received Prepare
Registering precompiled user dll's ...
Registered in 0.002228 seconds.
Begin MonoManager ReloadAssembly
Native extension for WindowsStandalone target not found
Refreshing native plugins compatible for Editor in 0.45 ms, found 3 plugins.
Preloading 0 native plugins for Editor in 0.00 ms.
Mono: successfully reloaded assembly
- Completed reload, in  0.965 seconds
Domain Reload Profiling:
	ReloadAssembly (965ms)
		BeginReloadAssembly (113ms)
			ExecutionOrderSort (0ms)
			DisableScriptedObjects (6ms)
			BackupInstance (0ms)
			ReleaseScriptingObjects (0ms)
			CreateAndSetChildDomain (31ms)
		EndReloadAssembly (793ms)
			LoadAssemblies (93ms)
			RebuildTransferFunctionScriptingTraits (0ms)
			SetupTypeCache (266ms)
			ReleaseScriptCaches (1ms)
			RebuildScriptCaches (40ms)
			SetupLoadedEditorAssemblies (282ms)
				LogAssemblyErrors (0ms)
				InitializePlatformSupportModulesInManaged (4ms)
				SetLoadedEditorAssemblies (0ms)
				RefreshPlugins (0ms)
				BeforeProcessingInitializeOnLoad (79ms)
				ProcessInitializeOnLoadAttributes (179ms)
				ProcessInitializeOnLoadMethodAttributes (12ms)
				AfterProcessingInitializeOnLoad (8ms)
				EditorAssembliesLoaded (0ms)
			ExecutionOrderSort2 (0ms)
			AwakeInstancesAfterBackupRestoration (8ms)
Platform modules already initialized, skipping
Refreshing native plugins compatible for Editor in 0.44 ms, found 3 plugins.
Preloading 0 native plugins for Editor in 0.00 ms.
Unloading 2238 Unused Serialized files (Serialized files now loaded: 0)
System memory in use before: 102.2 MB.
System memory in use after: 102.2 MB.

Unloading 20 unused Assets to reduce memory usage. Loaded Objects now: 2707.
Total: 2.675400 ms (FindLiveObjects: 0.146800 ms CreateObjectMapping: 0.078800 ms MarkObjects: 2.338900 ms  DeleteObjects: 0.110100 ms)

AssetImportParameters requested are different than current active one (requested -> active):
  custom:framework-win-MediaFoundation: 216162199b28c13a410421893ffa2e32 -> 
  custom:video-decoder-ogg-theora: a1e56fd34408186e4bbccfd4996cb3dc -> 
  custom:container-muxer-webm: aa71ff27fc2769a1b78a27578f13a17b -> 
  custom:container-demuxer-webm: 4f35f7cbe854078d1ac9338744f61a02 -> 
  custom:container-demuxer-ogg: 62fdf1f143b41e24485cea50d1cbac27 -> 
  custom:video-encoder-webm-vp8: eb34c28f22e8b96e1ab97ce403110664 -> 
  custom:video-decoder-webm-vp8: 9c59270c3fd7afecdb556c50c9e8de78 -> 
  custom:audio-decoder-ogg-vorbis: bf7c407c2cedff20999df2af8eb42d56 -> 
  custom:audio-encoder-webm-vorbis: bf7c407c2cedff20999df2af8eb42d56 -> 
========================================================================
Received Import Request.
  Time since last request: 107.548242 seconds.
  path: Assets/Images/angel-wings.gif
  artifactKey: Guid(40bf71f78d22cbe45819e656ccea5c84) Importer(815301076,1909f56bfc062723c751e8b465ee728b)
Start importing Assets/Images/angel-wings.gif using Guid(40bf71f78d22cbe45819e656ccea5c84) Importer(815301076,1909f56bfc062723c751e8b465ee728b)  -> (artifact id: '21ed913f9cd4965b1a55af16fa6cc648') in 0.064665 seconds 
========================================================================
Received Import Request.
  Time since last request: 219.296368 seconds.
  path: Assets/Images/angel-wing-pixel-pattern-image-vector-illustration-art-224061166.png
  artifactKey: Guid(c60c2f76266c13340930a800f643747c) Importer(815301076,1909f56bfc062723c751e8b465ee728b)
Start importing Assets/Images/angel-wing-pixel-pattern-image-vector-illustration-art-224061166.png using Guid(c60c2f76266c13340930a800f643747c) Importer(815301076,1909f56bfc062723c751e8b465ee728b)  -> (artifact id: '3d5e1bf4b34acaa64196678dc4f207c4') in 0.025557 seconds 
========================================================================
Received Prepare
Registering precompiled user dll's ...
Registered in 0.002278 seconds.
Begin MonoManager ReloadAssembly
Native extension for WindowsStandalone target not found
Refreshing native plugins compatible for Editor in 0.46 ms, found 3 plugins.
Preloading 0 native plugins for Editor in 0.00 ms.
Mono: successfully reloaded assembly
- Completed reload, in  0.915 seconds
Domain Reload Profiling:
	ReloadAssembly (915ms)
		BeginReloadAssembly (109ms)
			ExecutionOrderSort (0ms)
			DisableScriptedObjects (5ms)
			BackupInstance (0ms)
			ReleaseScriptingObjects (0ms)
			CreateAndSetChildDomain (31ms)
		EndReloadAssembly (751ms)
			LoadAssemblies (91ms)
			RebuildTransferFunctionScriptingTraits (0ms)
			SetupTypeCache (259ms)
			ReleaseScriptCaches (1ms)
			RebuildScriptCaches (42ms)
			SetupLoadedEditorAssemblies (279ms)
				LogAssemblyErrors (0ms)
				InitializePlatformSupportModulesInManaged (4ms)
				SetLoadedEditorAssemblies (0ms)
				RefreshPlugins (1ms)
				BeforeProcessingInitializeOnLoad (75ms)
				ProcessInitializeOnLoadAttributes (181ms)
				ProcessInitializeOnLoadMethodAttributes (10ms)
				AfterProcessingInitializeOnLoad (7ms)
				EditorAssembliesLoaded (0ms)
			ExecutionOrderSort2 (0ms)
			AwakeInstancesAfterBackupRestoration (8ms)
Platform modules already initialized, skipping
Refreshing native plugins compatible for Editor in 0.45 ms, found 3 plugins.
Preloading 0 native plugins for Editor in 0.00 ms.
Unloading 2238 Unused Serialized files (Serialized files now loaded: 0)
System memory in use before: 102.4 MB.
System memory in use after: 102.5 MB.

Unloading 20 unused Assets to reduce memory usage. Loaded Objects now: 2715.
Total: 2.735100 ms (FindLiveObjects: 0.163800 ms CreateObjectMapping: 0.082000 ms MarkObjects: 2.375800 ms  DeleteObjects: 0.112300 ms)

AssetImportParameters requested are different than current active one (requested -> active):
  custom:framework-win-MediaFoundation: 216162199b28c13a410421893ffa2e32 -> 
  custom:video-decoder-ogg-theora: a1e56fd34408186e4bbccfd4996cb3dc -> 
  custom:container-muxer-webm: aa71ff27fc2769a1b78a27578f13a17b -> 
  custom:container-demuxer-webm: 4f35f7cbe854078d1ac9338744f61a02 -> 
  custom:container-demuxer-ogg: 62fdf1f143b41e24485cea50d1cbac27 -> 
  custom:video-encoder-webm-vp8: eb34c28f22e8b96e1ab97ce403110664 -> 
  custom:video-decoder-webm-vp8: 9c59270c3fd7afecdb556c50c9e8de78 -> 
  custom:audio-decoder-ogg-vorbis: bf7c407c2cedff20999df2af8eb42d56 -> 
  custom:audio-encoder-webm-vorbis: bf7c407c2cedff20999df2af8eb42d56 -> 
========================================================================
Received Import Request.
  Time since last request: 138.449389 seconds.
  path: Assets/Images/New Animator Controller.controller
  artifactKey: Guid(5cbe102f0cf24e847b10ec0953291568) Importer(815301076,1909f56bfc062723c751e8b465ee728b)
Start importing Assets/Images/New Animator Controller.controller using Guid(5cbe102f0cf24e847b10ec0953291568) Importer(815301076,1909f56bfc062723c751e8b465ee728b)  -> (artifact id: '386526dfcbd19711ce60430e0f9d85b4') in 0.027240 seconds 
========================================================================
Received Import Request.
  Time since last request: 9.511535 seconds.
  path: Assets/Images/New Animation.anim
  artifactKey: Guid(62ad0e493ece4b34db2a62a0177cf217) Importer(815301076,1909f56bfc062723c751e8b465ee728b)
Start importing Assets/Images/New Animation.anim using Guid(62ad0e493ece4b34db2a62a0177cf217) Importer(815301076,1909f56bfc062723c751e8b465ee728b)  -> (artifact id: '92ae04eed916bc867383e6d6576a3b99') in 0.007679 seconds 
========================================================================
Received Import Request.
  Time since last request: 3.496348 seconds.
  path: Assets/Images/Flap.anim
  artifactKey: Guid(62ad0e493ece4b34db2a62a0177cf217) Importer(815301076,1909f56bfc062723c751e8b465ee728b)
Start importing Assets/Images/Flap.anim using Guid(62ad0e493ece4b34db2a62a0177cf217) Importer(815301076,1909f56bfc062723c751e8b465ee728b)  -> (artifact id: '5024af23d86d73d38637d6503c5c2a3d') in 0.005278 seconds 
========================================================================
Received Import Request.
  Time since last request: 48.896957 seconds.
  path: Assets/Prefab/Player.prefab
  artifactKey: Guid(affe7308a4a38a44690cf5bcf29cf2ae) Importer(815301076,1909f56bfc062723c751e8b465ee728b)
Start importing Assets/Prefab/Player.prefab using Guid(affe7308a4a38a44690cf5bcf29cf2ae) Importer(815301076,1909f56bfc062723c751e8b465ee728b)  -> (artifact id: 'ab43cfac41432461c7c7964cdc36617a') in 0.046919 seconds 
========================================================================
Received Import Request.
  Time since last request: 34.736872 seconds.
  path: Assets/Animation/wings.anim
  artifactKey: Guid(58c47a300fe656a4da00d255fab91706) Importer(815301076,1909f56bfc062723c751e8b465ee728b)
Start importing Assets/Animation/wings.anim using Guid(58c47a300fe656a4da00d255fab91706) Importer(815301076,1909f56bfc062723c751e8b465ee728b)  -> (artifact id: '8adff77b53827c1dec41f4a7a0ffa303') in 0.005490 seconds 
========================================================================
Received Import Request.
  Time since last request: 131.561621 seconds.
  path: Assets/Animation/angel-wing-pixel-pattern-image-vector-illustration-art-224061166.controller
  artifactKey: Guid(8699266847f32f847b21e5c65eb02e3d) Importer(815301076,1909f56bfc062723c751e8b465ee728b)
Start importing Assets/Animation/angel-wing-pixel-pattern-image-vector-illustration-art-224061166.controller using Guid(8699266847f32f847b21e5c65eb02e3d) Importer(815301076,1909f56bfc062723c751e8b465ee728b)  -> (artifact id: '529ece337bb41fd12a4ed8fce7e82861') in 0.002555 seconds 
========================================================================
Received Import Request.
  Time since last request: 122.643367 seconds.
  path: Assets/Scripts/PlayerMovement.cs
  artifactKey: Guid(724d963c76e455b47bcc434715720987) Importer(815301076,1909f56bfc062723c751e8b465ee728b)
Start importing Assets/Scripts/PlayerMovement.cs using Guid(724d963c76e455b47bcc434715720987) Importer(815301076,1909f56bfc062723c751e8b465ee728b)  -> (artifact id: 'ab0a9b31c9d8463a1cc0abfdc948cad6') in 0.035989 seconds 
========================================================================
Received Import Request.
  Time since last request: 78.041141 seconds.
  path: Assets/Scripts/PlayerMovement.cs
  artifactKey: Guid(724d963c76e455b47bcc434715720987) Importer(815301076,1909f56bfc062723c751e8b465ee728b)
Start importing Assets/Scripts/PlayerMovement.cs using Guid(724d963c76e455b47bcc434715720987) Importer(815301076,1909f56bfc062723c751e8b465ee728b)  -> (artifact id: '88152d3ecd4f8d1c064c383b9cf761fd') in 0.001721 seconds 
========================================================================
Received Prepare
Registering precompiled user dll's ...
Registered in 0.002259 seconds.
Begin MonoManager ReloadAssembly
Native extension for WindowsStandalone target not found
Refreshing native plugins compatible for Editor in 0.45 ms, found 3 plugins.
Preloading 0 native plugins for Editor in 0.00 ms.
Mono: successfully reloaded assembly
- Completed reload, in  0.962 seconds
Domain Reload Profiling:
	ReloadAssembly (963ms)
		BeginReloadAssembly (114ms)
			ExecutionOrderSort (0ms)
			DisableScriptedObjects (8ms)
			BackupInstance (0ms)
			ReleaseScriptingObjects (0ms)
			CreateAndSetChildDomain (32ms)
		EndReloadAssembly (788ms)
			LoadAssemblies (105ms)
			RebuildTransferFunctionScriptingTraits (0ms)
			SetupTypeCache (274ms)
			ReleaseScriptCaches (1ms)
			RebuildScriptCaches (42ms)
			SetupLoadedEditorAssemblies (283ms)
				LogAssemblyErrors (0ms)
				InitializePlatformSupportModulesInManaged (4ms)
				SetLoadedEditorAssemblies (0ms)
				RefreshPlugins (0ms)
				BeforeProcessingInitializeOnLoad (75ms)
				ProcessInitializeOnLoadAttributes (185ms)
				ProcessInitializeOnLoadMethodAttributes (11ms)
				AfterProcessingInitializeOnLoad (7ms)
				EditorAssembliesLoaded (0ms)
			ExecutionOrderSort2 (0ms)
			AwakeInstancesAfterBackupRestoration (11ms)
Platform modules already initialized, skipping
Refreshing native plugins compatible for Editor in 0.45 ms, found 3 plugins.
Preloading 0 native plugins for Editor in 0.00 ms.
Unloading 2238 Unused Serialized files (Serialized files now loaded: 0)
System memory in use before: 102.5 MB.
System memory in use after: 102.5 MB.

Unloading 20 unused Assets to reduce memory usage. Loaded Objects now: 2722.
Total: 3.386800 ms (FindLiveObjects: 0.319300 ms CreateObjectMapping: 0.192600 ms MarkObjects: 2.752400 ms  DeleteObjects: 0.121400 ms)

AssetImportParameters requested are different than current active one (requested -> active):
  custom:framework-win-MediaFoundation: 216162199b28c13a410421893ffa2e32 -> 
  custom:video-decoder-ogg-theora: a1e56fd34408186e4bbccfd4996cb3dc -> 
  custom:container-muxer-webm: aa71ff27fc2769a1b78a27578f13a17b -> 
  custom:container-demuxer-webm: 4f35f7cbe854078d1ac9338744f61a02 -> 
  custom:container-demuxer-ogg: 62fdf1f143b41e24485cea50d1cbac27 -> 
  custom:video-encoder-webm-vp8: eb34c28f22e8b96e1ab97ce403110664 -> 
  custom:video-decoder-webm-vp8: 9c59270c3fd7afecdb556c50c9e8de78 -> 
  custom:audio-decoder-ogg-vorbis: bf7c407c2cedff20999df2af8eb42d56 -> 
  custom:audio-encoder-webm-vorbis: bf7c407c2cedff20999df2af8eb42d56 -> 
========================================================================
Received Import Request.
  Time since last request: 24.621895 seconds.
  path: Assets/Prefab/Player.prefab
  artifactKey: Guid(affe7308a4a38a44690cf5bcf29cf2ae) Importer(815301076,1909f56bfc062723c751e8b465ee728b)
Start importing Assets/Prefab/Player.prefab using Guid(affe7308a4a38a44690cf5bcf29cf2ae) Importer(815301076,1909f56bfc062723c751e8b465ee728b)  -> (artifact id: 'd36c584b0ba404b0936eea892322c13c') in 0.050169 seconds 
========================================================================
Received Import Request.
  Time since last request: 14.016290 seconds.
  path: Assets/Animation
  artifactKey: Guid(dbcd254f96333c741aff7e88afb5b7be) Importer(815301076,1909f56bfc062723c751e8b465ee728b)
Start importing Assets/Animation using Guid(dbcd254f96333c741aff7e88afb5b7be) Importer(815301076,1909f56bfc062723c751e8b465ee728b)  -> (artifact id: '24b55816f6f6aac55ed699d001e13b86') in 0.004913 seconds 
========================================================================
Received Import Request.
  Time since last request: 6.149401 seconds.
  path: Assets/Animation/New Animator Controller.controller
  artifactKey: Guid(d32c82845cd11ff4aa7af21a2deecacd) Importer(815301076,1909f56bfc062723c751e8b465ee728b)
Start importing Assets/Animation/New Animator Controller.controller using Guid(d32c82845cd11ff4aa7af21a2deecacd) Importer(815301076,1909f56bfc062723c751e8b465ee728b)  -> (artifact id: 'b97314781004eba9dde3d85ca2d5186f') in 0.002848 seconds 
========================================================================
Received Prepare
Registering precompiled user dll's ...
Registered in 0.002212 seconds.
Begin MonoManager ReloadAssembly
Native extension for WindowsStandalone target not found
Refreshing native plugins compatible for Editor in 0.59 ms, found 3 plugins.
Preloading 0 native plugins for Editor in 0.00 ms.
Mono: successfully reloaded assembly
- Completed reload, in  0.929 seconds
Domain Reload Profiling:
	ReloadAssembly (929ms)
		BeginReloadAssembly (107ms)
			ExecutionOrderSort (0ms)
			DisableScriptedObjects (5ms)
			BackupInstance (0ms)
			ReleaseScriptingObjects (0ms)
			CreateAndSetChildDomain (31ms)
		EndReloadAssembly (766ms)
			LoadAssemblies (91ms)
			RebuildTransferFunctionScriptingTraits (0ms)
			SetupTypeCache (273ms)
			ReleaseScriptCaches (1ms)
			RebuildScriptCaches (39ms)
			SetupLoadedEditorAssemblies (280ms)
				LogAssemblyErrors (0ms)
				InitializePlatformSupportModulesInManaged (4ms)
				SetLoadedEditorAssemblies (2ms)
				RefreshPlugins (1ms)
				BeforeProcessingInitializeOnLoad (78ms)
				ProcessInitializeOnLoadAttributes (176ms)
				ProcessInitializeOnLoadMethodAttributes (11ms)
				AfterProcessingInitializeOnLoad (7ms)
				EditorAssembliesLoaded (0ms)
			ExecutionOrderSort2 (0ms)
			AwakeInstancesAfterBackupRestoration (8ms)
Platform modules already initialized, skipping
Refreshing native plugins compatible for Editor in 0.46 ms, found 3 plugins.
Preloading 0 native plugins for Editor in 0.00 ms.
Unloading 2238 Unused Serialized files (Serialized files now loaded: 0)
System memory in use before: 102.5 MB.
System memory in use after: 102.6 MB.

Unloading 20 unused Assets to reduce memory usage. Loaded Objects now: 2726.
Total: 6.156600 ms (FindLiveObjects: 0.215200 ms CreateObjectMapping: 0.124400 ms MarkObjects: 5.692500 ms  DeleteObjects: 0.123400 ms)

AssetImportParameters requested are different than current active one (requested -> active):
  custom:framework-win-MediaFoundation: 216162199b28c13a410421893ffa2e32 -> 
  custom:video-decoder-ogg-theora: a1e56fd34408186e4bbccfd4996cb3dc -> 
  custom:container-muxer-webm: aa71ff27fc2769a1b78a27578f13a17b -> 
  custom:container-demuxer-webm: 4f35f7cbe854078d1ac9338744f61a02 -> 
  custom:container-demuxer-ogg: 62fdf1f143b41e24485cea50d1cbac27 -> 
  custom:video-encoder-webm-vp8: eb34c28f22e8b96e1ab97ce403110664 -> 
  custom:video-decoder-webm-vp8: 9c59270c3fd7afecdb556c50c9e8de78 -> 
  custom:audio-decoder-ogg-vorbis: bf7c407c2cedff20999df2af8eb42d56 -> 
  custom:audio-encoder-webm-vorbis: bf7c407c2cedff20999df2af8eb42d56 -> 
========================================================================
Received Prepare
Registering precompiled user dll's ...
Registered in 0.002344 seconds.
Begin MonoManager ReloadAssembly
Native extension for WindowsStandalone target not found
Refreshing native plugins compatible for Editor in 0.48 ms, found 3 plugins.
Preloading 0 native plugins for Editor in 0.00 ms.
Mono: successfully reloaded assembly
- Completed reload, in  0.917 seconds
Domain Reload Profiling:
	ReloadAssembly (917ms)
		BeginReloadAssembly (105ms)
			ExecutionOrderSort (0ms)
			DisableScriptedObjects (5ms)
			BackupInstance (0ms)
			ReleaseScriptingObjects (0ms)
			CreateAndSetChildDomain (29ms)
		EndReloadAssembly (753ms)
			LoadAssemblies (91ms)
			RebuildTransferFunctionScriptingTraits (0ms)
			SetupTypeCache (258ms)
			ReleaseScriptCaches (1ms)
			RebuildScriptCaches (38ms)
			SetupLoadedEditorAssemblies (278ms)
				LogAssemblyErrors (0ms)
				InitializePlatformSupportModulesInManaged (5ms)
				SetLoadedEditorAssemblies (0ms)
				RefreshPlugins (1ms)
				BeforeProcessingInitializeOnLoad (77ms)
				ProcessInitializeOnLoadAttributes (176ms)
				ProcessInitializeOnLoadMethodAttributes (10ms)
				AfterProcessingInitializeOnLoad (8ms)
				EditorAssembliesLoaded (0ms)
			ExecutionOrderSort2 (0ms)
			AwakeInstancesAfterBackupRestoration (8ms)
Platform modules already initialized, skipping
Refreshing native plugins compatible for Editor in 0.44 ms, found 3 plugins.
Preloading 0 native plugins for Editor in 0.00 ms.
Unloading 2238 Unused Serialized files (Serialized files now loaded: 0)
System memory in use before: 102.5 MB.
System memory in use after: 102.6 MB.

Unloading 20 unused Assets to reduce memory usage. Loaded Objects now: 2729.
Total: 2.915900 ms (FindLiveObjects: 0.187000 ms CreateObjectMapping: 0.105000 ms MarkObjects: 2.502200 ms  DeleteObjects: 0.120300 ms)

AssetImportParameters requested are different than current active one (requested -> active):
  custom:framework-win-MediaFoundation: 216162199b28c13a410421893ffa2e32 -> 
  custom:video-decoder-ogg-theora: a1e56fd34408186e4bbccfd4996cb3dc -> 
  custom:container-muxer-webm: aa71ff27fc2769a1b78a27578f13a17b -> 
  custom:container-demuxer-webm: 4f35f7cbe854078d1ac9338744f61a02 -> 
  custom:container-demuxer-ogg: 62fdf1f143b41e24485cea50d1cbac27 -> 
  custom:video-encoder-webm-vp8: eb34c28f22e8b96e1ab97ce403110664 -> 
  custom:video-decoder-webm-vp8: 9c59270c3fd7afecdb556c50c9e8de78 -> 
  custom:audio-decoder-ogg-vorbis: bf7c407c2cedff20999df2af8eb42d56 -> 
  custom:audio-encoder-webm-vorbis: bf7c407c2cedff20999df2af8eb42d56 -> 
========================================================================
Received Prepare
Registering precompiled user dll's ...
Registered in 0.002169 seconds.
Begin MonoManager ReloadAssembly
Native extension for WindowsStandalone target not found
Refreshing native plugins compatible for Editor in 0.45 ms, found 3 plugins.
Preloading 0 native plugins for Editor in 0.00 ms.
Mono: successfully reloaded assembly
- Completed reload, in  0.928 seconds
Domain Reload Profiling:
	ReloadAssembly (928ms)
		BeginReloadAssembly (103ms)
			ExecutionOrderSort (0ms)
			DisableScriptedObjects (5ms)
			BackupInstance (0ms)
			ReleaseScriptingObjects (0ms)
			CreateAndSetChildDomain (27ms)
		EndReloadAssembly (768ms)
			LoadAssemblies (90ms)
			RebuildTransferFunctionScriptingTraits (0ms)
			SetupTypeCache (265ms)
			ReleaseScriptCaches (1ms)
			RebuildScriptCaches (39ms)
			SetupLoadedEditorAssemblies (288ms)
				LogAssemblyErrors (0ms)
				InitializePlatformSupportModulesInManaged (4ms)
				SetLoadedEditorAssemblies (0ms)
				RefreshPlugins (1ms)
				BeforeProcessingInitializeOnLoad (77ms)
				ProcessInitializeOnLoadAttributes (188ms)
				ProcessInitializeOnLoadMethodAttributes (11ms)
				AfterProcessingInitializeOnLoad (7ms)
				EditorAssembliesLoaded (0ms)
			ExecutionOrderSort2 (0ms)
			AwakeInstancesAfterBackupRestoration (10ms)
Platform modules already initialized, skipping
Refreshing native plugins compatible for Editor in 0.44 ms, found 3 plugins.
Preloading 0 native plugins for Editor in 0.00 ms.
Unloading 2238 Unused Serialized files (Serialized files now loaded: 0)
System memory in use before: 102.6 MB.
System memory in use after: 102.7 MB.

Unloading 20 unused Assets to reduce memory usage. Loaded Objects now: 2732.
Total: 2.736000 ms (FindLiveObjects: 0.154600 ms CreateObjectMapping: 0.081100 ms MarkObjects: 2.388100 ms  DeleteObjects: 0.111600 ms)

AssetImportParameters requested are different than current active one (requested -> active):
  custom:framework-win-MediaFoundation: 216162199b28c13a410421893ffa2e32 -> 
  custom:video-decoder-ogg-theora: a1e56fd34408186e4bbccfd4996cb3dc -> 
  custom:container-muxer-webm: aa71ff27fc2769a1b78a27578f13a17b -> 
  custom:container-demuxer-webm: 4f35f7cbe854078d1ac9338744f61a02 -> 
  custom:container-demuxer-ogg: 62fdf1f143b41e24485cea50d1cbac27 -> 
  custom:video-encoder-webm-vp8: eb34c28f22e8b96e1ab97ce403110664 -> 
  custom:video-decoder-webm-vp8: 9c59270c3fd7afecdb556c50c9e8de78 -> 
  custom:audio-decoder-ogg-vorbis: bf7c407c2cedff20999df2af8eb42d56 -> 
  custom:audio-encoder-webm-vorbis: bf7c407c2cedff20999df2af8eb42d56 -> 
========================================================================
Received Import Request.
  Time since last request: 133.009885 seconds.
  path: Assets/Animation/wings2.anim
  artifactKey: Guid(4317086e1f20f0244b16468ad3418ea8) Importer(815301076,1909f56bfc062723c751e8b465ee728b)
Start importing Assets/Animation/wings2.anim using Guid(4317086e1f20f0244b16468ad3418ea8) Importer(815301076,1909f56bfc062723c751e8b465ee728b)  -> (artifact id: '91434df53e1c4e4f34d44b6788582adc') in 0.016246 seconds 
========================================================================
Received Import Request.
  Time since last request: 176.060016 seconds.
  path: Assets/Prefab/Player.prefab
  artifactKey: Guid(affe7308a4a38a44690cf5bcf29cf2ae) Importer(815301076,1909f56bfc062723c751e8b465ee728b)
Start importing Assets/Prefab/Player.prefab using Guid(affe7308a4a38a44690cf5bcf29cf2ae) Importer(815301076,1909f56bfc062723c751e8b465ee728b) The Animator Controller (angel-wing-pixel-pattern-image-vector-illustration-art-224061166) you have used is not valid. Animations will not play
UnityEngine.StackTraceUtility:ExtractStackTrace ()
UnityEditor.EditorUtility:Internal_InstantiateRemoveAllNonAnimationComponentsSingle (UnityEngine.Object,UnityEngine.Vector3,UnityEngine.Quaternion)
UnityEditor.EditorUtility:InstantiateRemoveAllNonAnimationComponents (UnityEngine.Object,UnityEngine.Vector3,UnityEngine.Quaternion)
UnityEditor.EditorUtility:InstantiateForAnimatorPreview (UnityEngine.Object)
UnityEditor.GameObjectInspector/PreviewData:UpdateGameObject (UnityEngine.Object)
UnityEditor.GameObjectInspector/PreviewData:.ctor (UnityEngine.Object)
UnityEditor.GameObjectInspector:GetPreviewData ()
UnityEditor.GameObjectInspector:RenderStaticPreview (string,UnityEngine.Object[],int,int)
UnityEditor.AssetPreviewUpdater:CreatePreviewForAsset (UnityEngine.Object,UnityEngine.Object[],string)

[C:\buildslave\unity\build\Modules/Animation/Director/AnimatorControllerPlayable.cpp line 333]

The Animator Controller (angel-wing-pixel-pattern-image-vector-illustration-art-224061166) you have used is not valid. Animations will not play
UnityEngine.StackTraceUtility:ExtractStackTrace ()
UnityEditor.EditorUtility:InitInstantiatedPreviewRecursive (UnityEngine.GameObject)
UnityEditor.EditorUtility:InstantiateForAnimatorPreview (UnityEngine.Object)
UnityEditor.GameObjectInspector/PreviewData:UpdateGameObject (UnityEngine.Object)
UnityEditor.GameObjectInspector/PreviewData:.ctor (UnityEngine.Object)
UnityEditor.GameObjectInspector:GetPreviewData ()
UnityEditor.GameObjectInspector:RenderStaticPreview (string,UnityEngine.Object[],int,int)
UnityEditor.AssetPreviewUpdater:CreatePreviewForAsset (UnityEngine.Object,UnityEngine.Object[],string)

[C:\buildslave\unity\build\Modules/Animation/Director/AnimatorControllerPlayable.cpp line 333]

 -> (artifact id: '81d195d4c4b768117d5c91cd719c73b3') in 0.045970 seconds 
========================================================================
Received Prepare
Registering precompiled user dll's ...
Registered in 0.002224 seconds.
Begin MonoManager ReloadAssembly
Native extension for WindowsStandalone target not found
Refreshing native plugins compatible for Editor in 0.45 ms, found 3 plugins.
Preloading 0 native plugins for Editor in 0.00 ms.
Mono: successfully reloaded assembly
- Completed reload, in  0.925 seconds
Domain Reload Profiling:
	ReloadAssembly (925ms)
		BeginReloadAssembly (107ms)
			ExecutionOrderSort (0ms)
			DisableScriptedObjects (6ms)
			BackupInstance (0ms)
			ReleaseScriptingObjects (0ms)
			CreateAndSetChildDomain (29ms)
		EndReloadAssembly (759ms)
			LoadAssemblies (94ms)
			RebuildTransferFunctionScriptingTraits (0ms)
			SetupTypeCache (261ms)
			ReleaseScriptCaches (1ms)
			RebuildScriptCaches (38ms)
			SetupLoadedEditorAssemblies (280ms)
				LogAssemblyErrors (0ms)
				InitializePlatformSupportModulesInManaged (4ms)
				SetLoadedEditorAssemblies (0ms)
				RefreshPlugins (0ms)
				BeforeProcessingInitializeOnLoad (81ms)
				ProcessInitializeOnLoadAttributes (175ms)
				ProcessInitializeOnLoadMethodAttributes (11ms)
				AfterProcessingInitializeOnLoad (8ms)
				EditorAssembliesLoaded (0ms)
			ExecutionOrderSort2 (0ms)
			AwakeInstancesAfterBackupRestoration (8ms)
Platform modules already initialized, skipping
Refreshing native plugins compatible for Editor in 0.46 ms, found 3 plugins.
Preloading 0 native plugins for Editor in 0.00 ms.
Unloading 2238 Unused Serialized files (Serialized files now loaded: 0)
System memory in use before: 102.8 MB.
System memory in use after: 102.8 MB.

Unloading 20 unused Assets to reduce memory usage. Loaded Objects now: 2736.
Total: 2.801200 ms (FindLiveObjects: 0.179100 ms CreateObjectMapping: 0.090700 ms MarkObjects: 2.407700 ms  DeleteObjects: 0.123000 ms)

AssetImportParameters requested are different than current active one (requested -> active):
  custom:framework-win-MediaFoundation: 216162199b28c13a410421893ffa2e32 -> 
  custom:video-decoder-ogg-theora: a1e56fd34408186e4bbccfd4996cb3dc -> 
  custom:container-muxer-webm: aa71ff27fc2769a1b78a27578f13a17b -> 
  custom:container-demuxer-webm: 4f35f7cbe854078d1ac9338744f61a02 -> 
  custom:container-demuxer-ogg: 62fdf1f143b41e24485cea50d1cbac27 -> 
  custom:video-encoder-webm-vp8: eb34c28f22e8b96e1ab97ce403110664 -> 
  custom:video-decoder-webm-vp8: 9c59270c3fd7afecdb556c50c9e8de78 -> 
  custom:audio-decoder-ogg-vorbis: bf7c407c2cedff20999df2af8eb42d56 -> 
  custom:audio-encoder-webm-vorbis: bf7c407c2cedff20999df2af8eb42d56 -> 
========================================================================
Received Prepare
Registering precompiled user dll's ...
Registered in 0.002519 seconds.
Begin MonoManager ReloadAssembly
Native extension for WindowsStandalone target not found
Refreshing native plugins compatible for Editor in 0.52 ms, found 3 plugins.
Preloading 0 native plugins for Editor in 0.00 ms.
Mono: successfully reloaded assembly
- Completed reload, in  0.981 seconds
Domain Reload Profiling:
	ReloadAssembly (981ms)
		BeginReloadAssembly (122ms)
			ExecutionOrderSort (0ms)
			DisableScriptedObjects (6ms)
			BackupInstance (0ms)
			ReleaseScriptingObjects (0ms)
			CreateAndSetChildDomain (36ms)
		EndReloadAssembly (799ms)
			LoadAssemblies (100ms)
			RebuildTransferFunctionScriptingTraits (0ms)
			SetupTypeCache (282ms)
			ReleaseScriptCaches (1ms)
			RebuildScriptCaches (42ms)
			SetupLoadedEditorAssemblies (290ms)
				LogAssemblyErrors (0ms)
				InitializePlatformSupportModulesInManaged (4ms)
				SetLoadedEditorAssemblies (1ms)
				RefreshPlugins (1ms)
				BeforeProcessingInitializeOnLoad (81ms)
				ProcessInitializeOnLoadAttributes (185ms)
				ProcessInitializeOnLoadMethodAttributes (11ms)
				AfterProcessingInitializeOnLoad (8ms)
				EditorAssembliesLoaded (0ms)
			ExecutionOrderSort2 (0ms)
			AwakeInstancesAfterBackupRestoration (8ms)
Platform modules already initialized, skipping
Refreshing native plugins compatible for Editor in 0.46 ms, found 3 plugins.
Preloading 0 native plugins for Editor in 0.00 ms.
Unloading 2238 Unused Serialized files (Serialized files now loaded: 0)
System memory in use before: 102.8 MB.
System memory in use after: 102.8 MB.

Unloading 20 unused Assets to reduce memory usage. Loaded Objects now: 2739.
Total: 2.715900 ms (FindLiveObjects: 0.164200 ms CreateObjectMapping: 0.090700 ms MarkObjects: 2.347200 ms  DeleteObjects: 0.112900 ms)

AssetImportParameters requested are different than current active one (requested -> active):
  custom:framework-win-MediaFoundation: 216162199b28c13a410421893ffa2e32 -> 
  custom:video-decoder-ogg-theora: a1e56fd34408186e4bbccfd4996cb3dc -> 
  custom:container-muxer-webm: aa71ff27fc2769a1b78a27578f13a17b -> 
  custom:container-demuxer-webm: 4f35f7cbe854078d1ac9338744f61a02 -> 
  custom:container-demuxer-ogg: 62fdf1f143b41e24485cea50d1cbac27 -> 
  custom:video-encoder-webm-vp8: eb34c28f22e8b96e1ab97ce403110664 -> 
  custom:video-decoder-webm-vp8: 9c59270c3fd7afecdb556c50c9e8de78 -> 
  custom:audio-decoder-ogg-vorbis: bf7c407c2cedff20999df2af8eb42d56 -> 
  custom:audio-encoder-webm-vorbis: bf7c407c2cedff20999df2af8eb42d56 -> 
========================================================================
Received Import Request.
  Time since last request: 80.236651 seconds.
  path: Assets/Prefab/Player.prefab
  artifactKey: Guid(affe7308a4a38a44690cf5bcf29cf2ae) Importer(815301076,1909f56bfc062723c751e8b465ee728b)
Start importing Assets/Prefab/Player.prefab using Guid(affe7308a4a38a44690cf5bcf29cf2ae) Importer(815301076,1909f56bfc062723c751e8b465ee728b) The Animator Controller (angel-wing-pixel-pattern-image-vector-illustration-art-224061166) you have used is not valid. Animations will not play
UnityEngine.StackTraceUtility:ExtractStackTrace ()
UnityEditor.EditorUtility:Internal_InstantiateRemoveAllNonAnimationComponentsSingle (UnityEngine.Object,UnityEngine.Vector3,UnityEngine.Quaternion)
UnityEditor.EditorUtility:InstantiateRemoveAllNonAnimationComponents (UnityEngine.Object,UnityEngine.Vector3,UnityEngine.Quaternion)
UnityEditor.EditorUtility:InstantiateForAnimatorPreview (UnityEngine.Object)
UnityEditor.GameObjectInspector/PreviewData:UpdateGameObject (UnityEngine.Object)
UnityEditor.GameObjectInspector/PreviewData:.ctor (UnityEngine.Object)
UnityEditor.GameObjectInspector:GetPreviewData ()
UnityEditor.GameObjectInspector:RenderStaticPreview (string,UnityEngine.Object[],int,int)
UnityEditor.AssetPreviewUpdater:CreatePreviewForAsset (UnityEngine.Object,UnityEngine.Object[],string)

[C:\buildslave\unity\build\Modules/Animation/Director/AnimatorControllerPlayable.cpp line 333]

The Animator Controller (angel-wing-pixel-pattern-image-vector-illustration-art-224061166) you have used is not valid. Animations will not play
UnityEngine.StackTraceUtility:ExtractStackTrace ()
UnityEditor.EditorUtility:InitInstantiatedPreviewRecursive (UnityEngine.GameObject)
UnityEditor.EditorUtility:InstantiateForAnimatorPreview (UnityEngine.Object)
UnityEditor.GameObjectInspector/PreviewData:UpdateGameObject (UnityEngine.Object)
UnityEditor.GameObjectInspector/PreviewData:.ctor (UnityEngine.Object)
UnityEditor.GameObjectInspector:GetPreviewData ()
UnityEditor.GameObjectInspector:RenderStaticPreview (string,UnityEngine.Object[],int,int)
UnityEditor.AssetPreviewUpdater:CreatePreviewForAsset (UnityEngine.Object,UnityEngine.Object[],string)

[C:\buildslave\unity\build\Modules/Animation/Director/AnimatorControllerPlayable.cpp line 333]

 -> (artifact id: '23465b3f8442a8232f9c6e8bba606394') in 0.055505 seconds 
========================================================================
Received Prepare
Registering precompiled user dll's ...
Registered in 0.002205 seconds.
Begin MonoManager ReloadAssembly
Native extension for WindowsStandalone target not found
Refreshing native plugins compatible for Editor in 0.56 ms, found 3 plugins.
Preloading 0 native plugins for Editor in 0.00 ms.
Mono: successfully reloaded assembly
- Completed reload, in  0.942 seconds
Domain Reload Profiling:
	ReloadAssembly (942ms)
		BeginReloadAssembly (113ms)
			ExecutionOrderSort (0ms)
			DisableScriptedObjects (5ms)
			BackupInstance (0ms)
			ReleaseScriptingObjects (0ms)
			CreateAndSetChildDomain (29ms)
		EndReloadAssembly (771ms)
			LoadAssemblies (98ms)
			RebuildTransferFunctionScriptingTraits (0ms)
			SetupTypeCache (266ms)
			ReleaseScriptCaches (1ms)
			RebuildScriptCaches (40ms)
			SetupLoadedEditorAssemblies (286ms)
				LogAssemblyErrors (0ms)
				InitializePlatformSupportModulesInManaged (4ms)
				SetLoadedEditorAssemblies (1ms)
				RefreshPlugins (1ms)
				BeforeProcessingInitializeOnLoad (80ms)
				ProcessInitializeOnLoadAttributes (182ms)
				ProcessInitializeOnLoadMethodAttributes (11ms)
				AfterProcessingInitializeOnLoad (7ms)
				EditorAssembliesLoaded (0ms)
			ExecutionOrderSort2 (0ms)
			AwakeInstancesAfterBackupRestoration (9ms)
Platform modules already initialized, skipping
Refreshing native plugins compatible for Editor in 0.45 ms, found 3 plugins.
Preloading 0 native plugins for Editor in 0.00 ms.
Unloading 2238 Unused Serialized files (Serialized files now loaded: 0)
System memory in use before: 102.8 MB.
System memory in use after: 102.8 MB.

Unloading 20 unused Assets to reduce memory usage. Loaded Objects now: 2743.
Total: 3.113100 ms (FindLiveObjects: 0.311800 ms CreateObjectMapping: 0.169100 ms MarkObjects: 2.517500 ms  DeleteObjects: 0.113400 ms)

AssetImportParameters requested are different than current active one (requested -> active):
  custom:framework-win-MediaFoundation: 216162199b28c13a410421893ffa2e32 -> 
  custom:video-decoder-ogg-theora: a1e56fd34408186e4bbccfd4996cb3dc -> 
  custom:container-muxer-webm: aa71ff27fc2769a1b78a27578f13a17b -> 
  custom:container-demuxer-webm: 4f35f7cbe854078d1ac9338744f61a02 -> 
  custom:container-demuxer-ogg: 62fdf1f143b41e24485cea50d1cbac27 -> 
  custom:video-encoder-webm-vp8: eb34c28f22e8b96e1ab97ce403110664 -> 
  custom:video-decoder-webm-vp8: 9c59270c3fd7afecdb556c50c9e8de78 -> 
  custom:audio-decoder-ogg-vorbis: bf7c407c2cedff20999df2af8eb42d56 -> 
  custom:audio-encoder-webm-vorbis: bf7c407c2cedff20999df2af8eb42d56 -> 
========================================================================
Received Import Request.
  Time since last request: 205.108496 seconds.
  path: Assets/Images/tower.png
  artifactKey: Guid(4cfb9803037a01446bed5cdc86951a41) Importer(815301076,1909f56bfc062723c751e8b465ee728b)
Start importing Assets/Images/tower.png using Guid(4cfb9803037a01446bed5cdc86951a41) Importer(815301076,1909f56bfc062723c751e8b465ee728b)  -> (artifact id: '1bf79f150dc40714e03898db17f0c737') in 0.052865 seconds 
========================================================================
Received Import Request.
  Time since last request: 103.942320 seconds.
  path: Assets/Images/tower.png
  artifactKey: Guid(4cfb9803037a01446bed5cdc86951a41) Importer(815301076,1909f56bfc062723c751e8b465ee728b)
Start importing Assets/Images/tower.png using Guid(4cfb9803037a01446bed5cdc86951a41) Importer(815301076,1909f56bfc062723c751e8b465ee728b)  -> (artifact id: '0264a1554cbd6ea62563e909261eaa33') in 0.011158 seconds 
========================================================================
Received Prepare
Registering precompiled user dll's ...
Registered in 0.002406 seconds.
Begin MonoManager ReloadAssembly
Native extension for WindowsStandalone target not found
Refreshing native plugins compatible for Editor in 0.44 ms, found 3 plugins.
Preloading 0 native plugins for Editor in 0.00 ms.
Mono: successfully reloaded assembly
- Completed reload, in  0.944 seconds
Domain Reload Profiling:
	ReloadAssembly (944ms)
		BeginReloadAssembly (114ms)
			ExecutionOrderSort (0ms)
			DisableScriptedObjects (6ms)
			BackupInstance (0ms)
			ReleaseScriptingObjects (0ms)
			CreateAndSetChildDomain (30ms)
		EndReloadAssembly (770ms)
			LoadAssemblies (98ms)
			RebuildTransferFunctionScriptingTraits (0ms)
			SetupTypeCache (266ms)
			ReleaseScriptCaches (1ms)
			RebuildScriptCaches (39ms)
			SetupLoadedEditorAssemblies (290ms)
				LogAssemblyErrors (0ms)
				InitializePlatformSupportModulesInManaged (4ms)
				SetLoadedEditorAssemblies (0ms)
				RefreshPlugins (0ms)
				BeforeProcessingInitializeOnLoad (79ms)
				ProcessInitializeOnLoadAttributes (185ms)
				ProcessInitializeOnLoadMethodAttributes (13ms)
				AfterProcessingInitializeOnLoad (7ms)
				EditorAssembliesLoaded (0ms)
			ExecutionOrderSort2 (0ms)
			AwakeInstancesAfterBackupRestoration (9ms)
Platform modules already initialized, skipping
Refreshing native plugins compatible for Editor in 0.51 ms, found 3 plugins.
Preloading 0 native plugins for Editor in 0.00 ms.
Unloading 2238 Unused Serialized files (Serialized files now loaded: 0)
System memory in use before: 102.7 MB.
System memory in use after: 102.7 MB.

Unloading 20 unused Assets to reduce memory usage. Loaded Objects now: 2749.
Total: 3.237200 ms (FindLiveObjects: 0.170000 ms CreateObjectMapping: 0.272900 ms MarkObjects: 2.676000 ms  DeleteObjects: 0.117500 ms)

AssetImportParameters requested are different than current active one (requested -> active):
  custom:framework-win-MediaFoundation: 216162199b28c13a410421893ffa2e32 -> 
  custom:video-decoder-ogg-theora: a1e56fd34408186e4bbccfd4996cb3dc -> 
  custom:container-muxer-webm: aa71ff27fc2769a1b78a27578f13a17b -> 
  custom:container-demuxer-webm: 4f35f7cbe854078d1ac9338744f61a02 -> 
  custom:container-demuxer-ogg: 62fdf1f143b41e24485cea50d1cbac27 -> 
  custom:video-encoder-webm-vp8: eb34c28f22e8b96e1ab97ce403110664 -> 
  custom:video-decoder-webm-vp8: 9c59270c3fd7afecdb556c50c9e8de78 -> 
  custom:audio-decoder-ogg-vorbis: bf7c407c2cedff20999df2af8eb42d56 -> 
  custom:audio-encoder-webm-vorbis: bf7c407c2cedff20999df2af8eb42d56 -> 
========================================================================
Received Import Request.
  Time since last request: 43.200657 seconds.
  path: Assets/Images/tower.png
  artifactKey: Guid(4cfb9803037a01446bed5cdc86951a41) Importer(815301076,1909f56bfc062723c751e8b465ee728b)
Start importing Assets/Images/tower.png using Guid(4cfb9803037a01446bed5cdc86951a41) Importer(815301076,1909f56bfc062723c751e8b465ee728b)  -> (artifact id: '2343df20ac3ed2474b297548f25d9a76') in 0.048197 seconds 
========================================================================
Received Prepare
Registering precompiled user dll's ...
Registered in 0.002661 seconds.
Begin MonoManager ReloadAssembly
Native extension for WindowsStandalone target not found
Refreshing native plugins compatible for Editor in 0.48 ms, found 3 plugins.
Preloading 0 native plugins for Editor in 0.00 ms.
Mono: successfully reloaded assembly
- Completed reload, in  0.917 seconds
Domain Reload Profiling:
	ReloadAssembly (918ms)
		BeginReloadAssembly (105ms)
			ExecutionOrderSort (0ms)
			DisableScriptedObjects (5ms)
			BackupInstance (0ms)
			ReleaseScriptingObjects (0ms)
			CreateAndSetChildDomain (28ms)
		EndReloadAssembly (757ms)
			LoadAssemblies (91ms)
			RebuildTransferFunctionScriptingTraits (0ms)
			SetupTypeCache (258ms)
			ReleaseScriptCaches (1ms)
			RebuildScriptCaches (41ms)
			SetupLoadedEditorAssemblies (283ms)
				LogAssemblyErrors (0ms)
				InitializePlatformSupportModulesInManaged (4ms)
				SetLoadedEditorAssemblies (0ms)
				RefreshPlugins (1ms)
				BeforeProcessingInitializeOnLoad (77ms)
				ProcessInitializeOnLoadAttributes (182ms)
				ProcessInitializeOnLoadMethodAttributes (11ms)
				AfterProcessingInitializeOnLoad (7ms)
				EditorAssembliesLoaded (0ms)
			ExecutionOrderSort2 (0ms)
			AwakeInstancesAfterBackupRestoration (8ms)
Platform modules already initialized, skipping
Refreshing native plugins compatible for Editor in 0.44 ms, found 3 plugins.
Preloading 0 native plugins for Editor in 0.00 ms.
Unloading 2238 Unused Serialized files (Serialized files now loaded: 0)
System memory in use before: 102.7 MB.
System memory in use after: 102.8 MB.

Unloading 20 unused Assets to reduce memory usage. Loaded Objects now: 2753.
Total: 2.728900 ms (FindLiveObjects: 0.158600 ms CreateObjectMapping: 0.077500 ms MarkObjects: 2.385500 ms  DeleteObjects: 0.106500 ms)

AssetImportParameters requested are different than current active one (requested -> active):
  custom:framework-win-MediaFoundation: 216162199b28c13a410421893ffa2e32 -> 
  custom:video-decoder-ogg-theora: a1e56fd34408186e4bbccfd4996cb3dc -> 
  custom:container-muxer-webm: aa71ff27fc2769a1b78a27578f13a17b -> 
  custom:container-demuxer-webm: 4f35f7cbe854078d1ac9338744f61a02 -> 
  custom:container-demuxer-ogg: 62fdf1f143b41e24485cea50d1cbac27 -> 
  custom:video-encoder-webm-vp8: eb34c28f22e8b96e1ab97ce403110664 -> 
  custom:video-decoder-webm-vp8: 9c59270c3fd7afecdb556c50c9e8de78 -> 
  custom:audio-decoder-ogg-vorbis: bf7c407c2cedff20999df2af8eb42d56 -> 
  custom:audio-encoder-webm-vorbis: bf7c407c2cedff20999df2af8eb42d56 -> 
========================================================================
Received Import Request.
  Time since last request: 155.863840 seconds.
  path: Assets/Images/sunglasses.png
  artifactKey: Guid(50956961531c7b6479c699ad02535442) Importer(815301076,1909f56bfc062723c751e8b465ee728b)
Start importing Assets/Images/sunglasses.png using Guid(50956961531c7b6479c699ad02535442) Importer(815301076,1909f56bfc062723c751e8b465ee728b)  -> (artifact id: '3509c41da5d66e4c1190a04479d93c9e') in 0.062520 seconds 
========================================================================
Received Prepare
Registering precompiled user dll's ...
Registered in 0.002409 seconds.
Begin MonoManager ReloadAssembly
Native extension for WindowsStandalone target not found
Refreshing native plugins compatible for Editor in 0.46 ms, found 3 plugins.
Preloading 0 native plugins for Editor in 0.00 ms.
Mono: successfully reloaded assembly
- Completed reload, in  0.927 seconds
Domain Reload Profiling:
	ReloadAssembly (928ms)
		BeginReloadAssembly (111ms)
			ExecutionOrderSort (0ms)
			DisableScriptedObjects (5ms)
			BackupInstance (0ms)
			ReleaseScriptingObjects (0ms)
			CreateAndSetChildDomain (30ms)
		EndReloadAssembly (754ms)
			LoadAssemblies (97ms)
			RebuildTransferFunctionScriptingTraits (0ms)
			SetupTypeCache (265ms)
			ReleaseScriptCaches (1ms)
			RebuildScriptCaches (41ms)
			SetupLoadedEditorAssemblies (270ms)
				LogAssemblyErrors (0ms)
				InitializePlatformSupportModulesInManaged (4ms)
				SetLoadedEditorAssemblies (0ms)
				RefreshPlugins (1ms)
				BeforeProcessingInitializeOnLoad (75ms)
				ProcessInitializeOnLoadAttributes (172ms)
				ProcessInitializeOnLoadMethodAttributes (11ms)
				AfterProcessingInitializeOnLoad (7ms)
				EditorAssembliesLoaded (0ms)
			ExecutionOrderSort2 (0ms)
			AwakeInstancesAfterBackupRestoration (8ms)
Platform modules already initialized, skipping
Refreshing native plugins compatible for Editor in 0.44 ms, found 3 plugins.
Preloading 0 native plugins for Editor in 0.00 ms.
Unloading 2238 Unused Serialized files (Serialized files now loaded: 0)
System memory in use before: 102.7 MB.
System memory in use after: 102.8 MB.

Unloading 20 unused Assets to reduce memory usage. Loaded Objects now: 2759.
Total: 2.615200 ms (FindLiveObjects: 0.167100 ms CreateObjectMapping: 0.090400 ms MarkObjects: 2.245700 ms  DeleteObjects: 0.111500 ms)

AssetImportParameters requested are different than current active one (requested -> active):
  custom:framework-win-MediaFoundation: 216162199b28c13a410421893ffa2e32 -> 
  custom:video-decoder-ogg-theora: a1e56fd34408186e4bbccfd4996cb3dc -> 
  custom:container-muxer-webm: aa71ff27fc2769a1b78a27578f13a17b -> 
  custom:container-demuxer-webm: 4f35f7cbe854078d1ac9338744f61a02 -> 
  custom:container-demuxer-ogg: 62fdf1f143b41e24485cea50d1cbac27 -> 
  custom:video-encoder-webm-vp8: eb34c28f22e8b96e1ab97ce403110664 -> 
  custom:video-decoder-webm-vp8: 9c59270c3fd7afecdb556c50c9e8de78 -> 
  custom:audio-decoder-ogg-vorbis: bf7c407c2cedff20999df2af8eb42d56 -> 
  custom:audio-encoder-webm-vorbis: bf7c407c2cedff20999df2af8eb42d56 -> 
========================================================================
Received Import Request.
  Time since last request: 206.047655 seconds.
  path: Assets/Images/1 Bodies/5_3.png
  artifactKey: Guid(638f9058ffeefaa40b92fe0c000f5c4a) Importer(815301076,1909f56bfc062723c751e8b465ee728b)
Start importing Assets/Images/1 Bodies/5_3.png using Guid(638f9058ffeefaa40b92fe0c000f5c4a) Importer(815301076,1909f56bfc062723c751e8b465ee728b)  -> (artifact id: '2a1b42df3c950e3b230c292fd9d89990') in 0.043751 seconds 
========================================================================
Received Import Request.
  Time since last request: 0.000214 seconds.
  path: Assets/Images/1 Bodies
  artifactKey: Guid(003edcd9368b22c41ad6eb95703a10f4) Importer(815301076,1909f56bfc062723c751e8b465ee728b)
Start importing Assets/Images/1 Bodies using Guid(003edcd9368b22c41ad6eb95703a10f4) Importer(815301076,1909f56bfc062723c751e8b465ee728b)  -> (artifact id: '9d81b7da557eb0dca282f321bfb0d507') in 0.005946 seconds 
========================================================================
Received Import Request.
  Time since last request: 0.000183 seconds.
  path: Assets/Images/1 Bodies/1_2.png
  artifactKey: Guid(532421d69b1d79a428daa73482c4a5f2) Importer(815301076,1909f56bfc062723c751e8b465ee728b)
Start importing Assets/Images/1 Bodies/1_2.png using Guid(532421d69b1d79a428daa73482c4a5f2) Importer(815301076,1909f56bfc062723c751e8b465ee728b)  -> (artifact id: '2c63c1d79f190028a3c7363710f26a77') in 0.012410 seconds 
========================================================================
Received Import Request.
  Time since last request: 0.000257 seconds.
  path: Assets/Images/1 Bodies/3_3.png
  artifactKey: Guid(a7aa50d931512b9498502358c20f4ed1) Importer(815301076,1909f56bfc062723c751e8b465ee728b)
Start importing Assets/Images/1 Bodies/3_3.png using Guid(a7aa50d931512b9498502358c20f4ed1) Importer(815301076,1909f56bfc062723c751e8b465ee728b)  -> (artifact id: 'd4c512cbabe56111f28b531bd240d5ad') in 0.012859 seconds 
========================================================================
Received Import Request.
  Time since last request: 0.000345 seconds.
  path: Assets/Images/1 Bodies/1_5.png
  artifactKey: Guid(46f3b89e08a23a849b7b61e31eb2d1aa) Importer(815301076,1909f56bfc062723c751e8b465ee728b)
Start importing Assets/Images/1 Bodies/1_5.png using Guid(46f3b89e08a23a849b7b61e31eb2d1aa) Importer(815301076,1909f56bfc062723c751e8b465ee728b)  -> (artifact id: 'f2d9548194d980efbb812d316182fe4c') in 0.011757 seconds 
========================================================================
Received Import Request.
  Time since last request: 0.000295 seconds.
  path: Assets/Images/1 Bodies/1.png
  artifactKey: Guid(19cc020bac65ea241b4670bebf970237) Importer(815301076,1909f56bfc062723c751e8b465ee728b)
Start importing Assets/Images/1 Bodies/1.png using Guid(19cc020bac65ea241b4670bebf970237) Importer(815301076,1909f56bfc062723c751e8b465ee728b)  -> (artifact id: '3d86431aaee6282ca837fb8f27954d4b') in 0.010498 seconds 
========================================================================
Received Import Request.
  Time since last request: 0.000229 seconds.
  path: Assets/Images/1 Bodies/3_2.png
  artifactKey: Guid(9ac32c0db4ae09f4eafc560243b6e6ad) Importer(815301076,1909f56bfc062723c751e8b465ee728b)
Start importing Assets/Images/1 Bodies/3_2.png using Guid(9ac32c0db4ae09f4eafc560243b6e6ad) Importer(815301076,1909f56bfc062723c751e8b465ee728b)  -> (artifact id: 'a1623abb3288de7e16ce84aa980a760d') in 0.011818 seconds 
========================================================================
Received Import Request.
  Time since last request: 0.000230 seconds.
  path: Assets/Images/1 Bodies/6.png
  artifactKey: Guid(585c058875ede0b468b9a496c4999929) Importer(815301076,1909f56bfc062723c751e8b465ee728b)
Start importing Assets/Images/1 Bodies/6.png using Guid(585c058875ede0b468b9a496c4999929) Importer(815301076,1909f56bfc062723c751e8b465ee728b)  -> (artifact id: 'cbdb25d3dc19c05c27a15f7dac17ba78') in 0.011774 seconds 
========================================================================
Received Import Request.
  Time since last request: 0.000209 seconds.
  path: Assets/Images/1 Bodies/6_2.png
  artifactKey: Guid(5541a4bd13fbe3c4bb5e32220d3e52c5) Importer(815301076,1909f56bfc062723c751e8b465ee728b)
Start importing Assets/Images/1 Bodies/6_2.png using Guid(5541a4bd13fbe3c4bb5e32220d3e52c5) Importer(815301076,1909f56bfc062723c751e8b465ee728b)  -> (artifact id: 'a930151309b171d58a904b05484a26f6') in 0.011104 seconds 
========================================================================
Received Import Request.
  Time since last request: 0.000199 seconds.
  path: Assets/Images/1 Bodies/1_8.png
  artifactKey: Guid(be3b3a739c5bd2c4e8f2deb5d47df6c7) Importer(815301076,1909f56bfc062723c751e8b465ee728b)
Start importing Assets/Images/1 Bodies/1_8.png using Guid(be3b3a739c5bd2c4e8f2deb5d47df6c7) Importer(815301076,1909f56bfc062723c751e8b465ee728b)  -> (artifact id: '0eb022f46fa2bc3fea14246674001d41') in 0.010929 seconds 
========================================================================
Received Import Request.
  Time since last request: 0.000376 seconds.
  path: Assets/Images/1 Bodies/6_3.png
  artifactKey: Guid(1707041044177cc47890c26171276765) Importer(815301076,1909f56bfc062723c751e8b465ee728b)
Start importing Assets/Images/1 Bodies/6_3.png using Guid(1707041044177cc47890c26171276765) Importer(815301076,1909f56bfc062723c751e8b465ee728b)  -> (artifact id: '5b51f46d9907efff3b77ed6777d68030') in 0.010523 seconds 
========================================================================
Received Import Request.
  Time since last request: 0.000253 seconds.
  path: Assets/Images/1 Bodies/2.png
  artifactKey: Guid(41fe07427a43c3541b8b37f67ce97df0) Importer(815301076,1909f56bfc062723c751e8b465ee728b)
Start importing Assets/Images/1 Bodies/2.png using Guid(41fe07427a43c3541b8b37f67ce97df0) Importer(815301076,1909f56bfc062723c751e8b465ee728b)  -> (artifact id: '7c14a590485cc3e5aa96d8c9234ce0dd') in 0.012332 seconds 
========================================================================
Received Import Request.
  Time since last request: 0.000163 seconds.
  path: Assets/Images/1 Bodies/2_2.png
  artifactKey: Guid(5bb512077207313458e687ed5800c137) Importer(815301076,1909f56bfc062723c751e8b465ee728b)
Start importing Assets/Images/1 Bodies/2_2.png using Guid(5bb512077207313458e687ed5800c137) Importer(815301076,1909f56bfc062723c751e8b465ee728b)  -> (artifact id: '654d9674c03c9d8a8a1e8614952ac10f') in 0.011239 seconds 
========================================================================
Received Import Request.
  Time since last request: 0.000226 seconds.
  path: Assets/Images/1 Bodies/5_2.png
  artifactKey: Guid(a57f6a2b5a6559e4bbc4ac635df5971b) Importer(815301076,1909f56bfc062723c751e8b465ee728b)
Start importing Assets/Images/1 Bodies/5_2.png using Guid(a57f6a2b5a6559e4bbc4ac635df5971b) Importer(815301076,1909f56bfc062723c751e8b465ee728b)  -> (artifact id: 'c6562ece0b5fd8420819da986fc3f85f') in 0.010294 seconds 
========================================================================
Received Import Request.
  Time since last request: 0.000164 seconds.
  path: Assets/Images/1 Bodies/5.png
  artifactKey: Guid(e7ce34959ccceaf4eafe4f30020daaec) Importer(815301076,1909f56bfc062723c751e8b465ee728b)
Start importing Assets/Images/1 Bodies/5.png using Guid(e7ce34959ccceaf4eafe4f30020daaec) Importer(815301076,1909f56bfc062723c751e8b465ee728b)  -> (artifact id: '928dae896bc73500ce96d5a59a7b95e7') in 0.011004 seconds 
========================================================================
Received Import Request.
  Time since last request: 0.000337 seconds.
  path: Assets/Images/1 Bodies/1_6.png
  artifactKey: Guid(f524979b253e98c4ca2f51d75a288c90) Importer(815301076,1909f56bfc062723c751e8b465ee728b)
Start importing Assets/Images/1 Bodies/1_6.png using Guid(f524979b253e98c4ca2f51d75a288c90) Importer(815301076,1909f56bfc062723c751e8b465ee728b)  -> (artifact id: '8ac32f5c5ee524522bf8c005747d0eeb') in 0.011177 seconds 
========================================================================
Received Import Request.
  Time since last request: 0.000177 seconds.
  path: Assets/Images/1 Bodies/3_4.png
  artifactKey: Guid(05553f7fc5cae7746800f91d459f5f5f) Importer(815301076,1909f56bfc062723c751e8b465ee728b)
Start importing Assets/Images/1 Bodies/3_4.png using Guid(05553f7fc5cae7746800f91d459f5f5f) Importer(815301076,1909f56bfc062723c751e8b465ee728b)  -> (artifact id: 'e5e18be312f7b4ee99039a835aa57cb8') in 0.010146 seconds 
========================================================================
Received Import Request.
  Time since last request: 0.000277 seconds.
  path: Assets/Images/1 Bodies/3.png
  artifactKey: Guid(a8daed4edee2d944a99a4f303635f781) Importer(815301076,1909f56bfc062723c751e8b465ee728b)
Start importing Assets/Images/1 Bodies/3.png using Guid(a8daed4edee2d944a99a4f303635f781) Importer(815301076,1909f56bfc062723c751e8b465ee728b)  -> (artifact id: '5090f010c24d6bd35e9e6a0d437b4489') in 0.012339 seconds 
========================================================================
Received Import Request.
  Time since last request: 0.000240 seconds.
  path: Assets/Images/1 Bodies/5_4.png
  artifactKey: Guid(29c22e09bf59c9642806bfb8cbe6bb32) Importer(815301076,1909f56bfc062723c751e8b465ee728b)
Start importing Assets/Images/1 Bodies/5_4.png using Guid(29c22e09bf59c9642806bfb8cbe6bb32) Importer(815301076,1909f56bfc062723c751e8b465ee728b)  -> (artifact id: 'f577201443497840fcbd50125645beac') in 0.012100 seconds 
========================================================================
Received Import Request.
  Time since last request: 0.000221 seconds.
  path: Assets/Images/1 Bodies/1_4.png
  artifactKey: Guid(8428ba94c8643b347ab4d4552ff8bd4f) Importer(815301076,1909f56bfc062723c751e8b465ee728b)
Start importing Assets/Images/1 Bodies/1_4.png using Guid(8428ba94c8643b347ab4d4552ff8bd4f) Importer(815301076,1909f56bfc062723c751e8b465ee728b)  -> (artifact id: '5dd1fd4d1ab4c62a7a0bca9c7ae61262') in 0.010970 seconds 
========================================================================
Received Import Request.
  Time since last request: 0.000227 seconds.
  path: Assets/Images/1 Bodies/4.png
  artifactKey: Guid(370f7c262918a2147a9716bf39e1b792) Importer(815301076,1909f56bfc062723c751e8b465ee728b)
Start importing Assets/Images/1 Bodies/4.png using Guid(370f7c262918a2147a9716bf39e1b792) Importer(815301076,1909f56bfc062723c751e8b465ee728b)  -> (artifact id: '2703a44dba5cfd3e2350190915d5c895') in 0.011147 seconds 
========================================================================
Received Import Request.
  Time since last request: 0.000201 seconds.
  path: Assets/Images/1 Bodies/1_7.png
  artifactKey: Guid(28837251919a12b41bdfa076ab21a7b2) Importer(815301076,1909f56bfc062723c751e8b465ee728b)
Start importing Assets/Images/1 Bodies/1_7.png using Guid(28837251919a12b41bdfa076ab21a7b2) Importer(815301076,1909f56bfc062723c751e8b465ee728b)  -> (artifact id: 'f901d3f2bf5fa02e5266fe32113249e3') in 0.010752 seconds 
========================================================================
Received Import Request.
  Time since last request: 0.000161 seconds.
  path: Assets/Images/1 Bodies/1_3.png
  artifactKey: Guid(16ac83b7e2a771948b368788dc34685e) Importer(815301076,1909f56bfc062723c751e8b465ee728b)
Start importing Assets/Images/1 Bodies/1_3.png using Guid(16ac83b7e2a771948b368788dc34685e) Importer(815301076,1909f56bfc062723c751e8b465ee728b)  -> (artifact id: 'e28af8a7b68ba5ec42145fd537dadd11') in 0.011819 seconds 
========================================================================
Received Import Request.
  Time since last request: 0.000799 seconds.
  path: Assets/Images/1 Bodies/4_2.png
  artifactKey: Guid(5b54d91930d03f540a229317fc4f0751) Importer(815301076,1909f56bfc062723c751e8b465ee728b)
Start importing Assets/Images/1 Bodies/4_2.png using Guid(5b54d91930d03f540a229317fc4f0751) Importer(815301076,1909f56bfc062723c751e8b465ee728b)  -> (artifact id: 'c8dffef578ea1cfaa80ea4020c172559') in 0.011398 seconds 
========================================================================
Received Import Request.
  Time since last request: 1.648507 seconds.
  path: Assets/Images/1 Bodies/6_4.png
  artifactKey: Guid(d97d814f68c1ea94f87203a4f738f9fe) Importer(815301076,1909f56bfc062723c751e8b465ee728b)
Start importing Assets/Images/1 Bodies/6_4.png using Guid(d97d814f68c1ea94f87203a4f738f9fe) Importer(815301076,1909f56bfc062723c751e8b465ee728b)  -> (artifact id: '3e2a98113f2d0aeb75ac3ae1bc58a8f0') in 0.010302 seconds 
========================================================================
Received Import Request.
  Time since last request: 0.000213 seconds.
  path: Assets/Images/1 Bodies/7.png
  artifactKey: Guid(c83d57c4ad7f79b4b8ce141c0841a61d) Importer(815301076,1909f56bfc062723c751e8b465ee728b)
Start importing Assets/Images/1 Bodies/7.png using Guid(c83d57c4ad7f79b4b8ce141c0841a61d) Importer(815301076,1909f56bfc062723c751e8b465ee728b)  -> (artifact id: 'ea99d95a581c72d80bc520b96a003e54') in 0.012107 seconds 
========================================================================
Received Import Request.
  Time since last request: 0.108422 seconds.
  path: Assets/Images/1 Bodies/7_2.png
  artifactKey: Guid(02d56a5b554b58647b26f8c4f29b3ecc) Importer(815301076,1909f56bfc062723c751e8b465ee728b)
Start importing Assets/Images/1 Bodies/7_2.png using Guid(02d56a5b554b58647b26f8c4f29b3ecc) Importer(815301076,1909f56bfc062723c751e8b465ee728b)  -> (artifact id: '732b97f3a6b24c65fbe6dd43e44bb5ac') in 0.010375 seconds 
========================================================================
Received Import Request.
  Time since last request: 0.000225 seconds.
  path: Assets/Images/1 Bodies/8_2.png
  artifactKey: Guid(60a71de2177cb974a9ff54861e7e97b3) Importer(815301076,1909f56bfc062723c751e8b465ee728b)
Start importing Assets/Images/1 Bodies/8_2.png using Guid(60a71de2177cb974a9ff54861e7e97b3) Importer(815301076,1909f56bfc062723c751e8b465ee728b)  -> (artifact id: 'ad880e0a1d5cf6b913dcdf0e56403b6f') in 0.011250 seconds 
========================================================================
Received Import Request.
  Time since last request: 0.000193 seconds.
  path: Assets/Images/1 Bodies/9_2.png
  artifactKey: Guid(8ded3a8279e50ee4ba364a7776daa51b) Importer(815301076,1909f56bfc062723c751e8b465ee728b)
Start importing Assets/Images/1 Bodies/9_2.png using Guid(8ded3a8279e50ee4ba364a7776daa51b) Importer(815301076,1909f56bfc062723c751e8b465ee728b)  -> (artifact id: 'f038ac8b97053a5a6b1779bcd0f934f4') in 0.011648 seconds 
========================================================================
Received Import Request.
  Time since last request: 0.000281 seconds.
  path: Assets/Images/1 Bodies/9.png
  artifactKey: Guid(933997d7b8092ad4b8fc6b982a0a0760) Importer(815301076,1909f56bfc062723c751e8b465ee728b)
Start importing Assets/Images/1 Bodies/9.png using Guid(933997d7b8092ad4b8fc6b982a0a0760) Importer(815301076,1909f56bfc062723c751e8b465ee728b)  -> (artifact id: 'cec608d7c6f31224d543956fba15376b') in 0.011493 seconds 
========================================================================
Received Import Request.
  Time since last request: 0.000240 seconds.
  path: Assets/Images/1 Bodies/8.png
  artifactKey: Guid(4777c102cc28f7d43abbf165c3227511) Importer(815301076,1909f56bfc062723c751e8b465ee728b)
Start importing Assets/Images/1 Bodies/8.png using Guid(4777c102cc28f7d43abbf165c3227511) Importer(815301076,1909f56bfc062723c751e8b465ee728b)  -> (artifact id: '6ce4b76a7ca9626b3ddd1d26a0ebb415') in 0.010792 seconds 
========================================================================
Received Import Request.
  Time since last request: 0.000306 seconds.
  path: Assets/Images/1 Bodies/10.png
  artifactKey: Guid(1a9abdbb09f43dc47881fb55e6018157) Importer(815301076,1909f56bfc062723c751e8b465ee728b)
Start importing Assets/Images/1 Bodies/10.png using Guid(1a9abdbb09f43dc47881fb55e6018157) Importer(815301076,1909f56bfc062723c751e8b465ee728b)  -> (artifact id: '6d99fac95179b56679845423ba09b812') in 0.011350 seconds 
========================================================================
Received Import Request.
  Time since last request: 0.177161 seconds.
  path: Assets/Images/1 Bodies/10_2.png
  artifactKey: Guid(1c5092b5e488c4c47816fe062db986f1) Importer(815301076,1909f56bfc062723c751e8b465ee728b)
Start importing Assets/Images/1 Bodies/10_2.png using Guid(1c5092b5e488c4c47816fe062db986f1) Importer(815301076,1909f56bfc062723c751e8b465ee728b)  -> (artifact id: 'fd617940a36174f82aa4ef2164ef56f8') in 0.010894 seconds 
========================================================================
Received Import Request.
  Time since last request: 0.000218 seconds.
  path: Assets/Images/1 Bodies/10_3.png
  artifactKey: Guid(162edf15bb334d546baaf39ae5ec241c) Importer(815301076,1909f56bfc062723c751e8b465ee728b)
Start importing Assets/Images/1 Bodies/10_3.png using Guid(162edf15bb334d546baaf39ae5ec241c) Importer(815301076,1909f56bfc062723c751e8b465ee728b)  -> (artifact id: '4e999d8e2db85a2735331723d4294c7f') in 0.012934 seconds 
========================================================================
Received Import Request.
  Time since last request: 0.598418 seconds.
  path: Assets/Images/1 Bodies/11.png
  artifactKey: Guid(5f8e983b47ff4f1418797593bc66e2a9) Importer(815301076,1909f56bfc062723c751e8b465ee728b)
Start importing Assets/Images/1 Bodies/11.png using Guid(5f8e983b47ff4f1418797593bc66e2a9) Importer(815301076,1909f56bfc062723c751e8b465ee728b)  -> (artifact id: '04a98dea054b0e7d6ef1a0a0dd7dcafa') in 0.012576 seconds 
========================================================================
Received Import Request.
  Time since last request: 0.000209 seconds.
  path: Assets/Images/1 Bodies/12.png
  artifactKey: Guid(8d6722a8399f2d34ea5e297455c24ef4) Importer(815301076,1909f56bfc062723c751e8b465ee728b)
Start importing Assets/Images/1 Bodies/12.png using Guid(8d6722a8399f2d34ea5e297455c24ef4) Importer(815301076,1909f56bfc062723c751e8b465ee728b)  -> (artifact id: '8987abb4d7070a4c92dbace346942dd1') in 0.012553 seconds 
========================================================================
Received Import Request.
  Time since last request: 0.021345 seconds.
  path: Assets/Images/1 Bodies/12_2.png
  artifactKey: Guid(6d08aced7a2383f478431f60d463d5de) Importer(815301076,1909f56bfc062723c751e8b465ee728b)
Start importing Assets/Images/1 Bodies/12_2.png using Guid(6d08aced7a2383f478431f60d463d5de) Importer(815301076,1909f56bfc062723c751e8b465ee728b)  -> (artifact id: '1fa80e7ef345b85edd16f24e2c1cccb8') in 0.010893 seconds 
========================================================================
Received Import Request.
  Time since last request: 0.000233 seconds.
  path: Assets/Images/1 Bodies/13.png
  artifactKey: Guid(da9099626504b2f439b88ae20a99308b) Importer(815301076,1909f56bfc062723c751e8b465ee728b)
Start importing Assets/Images/1 Bodies/13.png using Guid(da9099626504b2f439b88ae20a99308b) Importer(815301076,1909f56bfc062723c751e8b465ee728b)  -> (artifact id: 'b94fdd0742e86ae6f8a2eaa6a6357bde') in 0.012617 seconds 
========================================================================
Received Import Request.
  Time since last request: 0.055930 seconds.
  path: Assets/Images/1 Bodies/13_2.png
  artifactKey: Guid(9f1b876c68ec2814991d493e96ec4cc1) Importer(815301076,1909f56bfc062723c751e8b465ee728b)
Start importing Assets/Images/1 Bodies/13_2.png using Guid(9f1b876c68ec2814991d493e96ec4cc1) Importer(815301076,1909f56bfc062723c751e8b465ee728b)  -> (artifact id: 'accdf7bfa3e44d1f40efa345d5ff1c70') in 0.011502 seconds 
========================================================================
Received Import Request.
  Time since last request: 6.007817 seconds.
  path: Assets/Prefab/Player.prefab
  artifactKey: Guid(affe7308a4a38a44690cf5bcf29cf2ae) Importer(815301076,1909f56bfc062723c751e8b465ee728b)
Start importing Assets/Prefab/Player.prefab using Guid(affe7308a4a38a44690cf5bcf29cf2ae) Importer(815301076,1909f56bfc062723c751e8b465ee728b) The Animator Controller (angel-wing-pixel-pattern-image-vector-illustration-art-224061166) you have used is not valid. Animations will not play
UnityEngine.StackTraceUtility:ExtractStackTrace ()
UnityEditor.EditorUtility:Internal_InstantiateRemoveAllNonAnimationComponentsSingle (UnityEngine.Object,UnityEngine.Vector3,UnityEngine.Quaternion)
UnityEditor.EditorUtility:InstantiateRemoveAllNonAnimationComponents (UnityEngine.Object,UnityEngine.Vector3,UnityEngine.Quaternion)
UnityEditor.EditorUtility:InstantiateForAnimatorPreview (UnityEngine.Object)
UnityEditor.GameObjectInspector/PreviewData:UpdateGameObject (UnityEngine.Object)
UnityEditor.GameObjectInspector/PreviewData:.ctor (UnityEngine.Object)
UnityEditor.GameObjectInspector:GetPreviewData ()
UnityEditor.GameObjectInspector:RenderStaticPreview (string,UnityEngine.Object[],int,int)
UnityEditor.AssetPreviewUpdater:CreatePreviewForAsset (UnityEngine.Object,UnityEngine.Object[],string)

[C:\buildslave\unity\build\Modules/Animation/Director/AnimatorControllerPlayable.cpp line 333]

The Animator Controller (angel-wing-pixel-pattern-image-vector-illustration-art-224061166) you have used is not valid. Animations will not play
UnityEngine.StackTraceUtility:ExtractStackTrace ()
UnityEditor.EditorUtility:InitInstantiatedPreviewRecursive (UnityEngine.GameObject)
UnityEditor.EditorUtility:InstantiateForAnimatorPreview (UnityEngine.Object)
UnityEditor.GameObjectInspector/PreviewData:UpdateGameObject (UnityEngine.Object)
UnityEditor.GameObjectInspector/PreviewData:.ctor (UnityEngine.Object)
UnityEditor.GameObjectInspector:GetPreviewData ()
UnityEditor.GameObjectInspector:RenderStaticPreview (string,UnityEngine.Object[],int,int)
UnityEditor.AssetPreviewUpdater:CreatePreviewForAsset (UnityEngine.Object,UnityEngine.Object[],string)

[C:\buildslave\unity\build\Modules/Animation/Director/AnimatorControllerPlayable.cpp line 333]

 -> (artifact id: 'cfcd759fdf8b1d58712fc42446109707') in 0.032136 seconds 
========================================================================
Received Prepare
Registering precompiled user dll's ...
Registered in 0.002476 seconds.
Begin MonoManager ReloadAssembly
Native extension for WindowsStandalone target not found
Refreshing native plugins compatible for Editor in 0.49 ms, found 3 plugins.
Preloading 0 native plugins for Editor in 0.00 ms.
Mono: successfully reloaded assembly
- Completed reload, in  0.972 seconds
Domain Reload Profiling:
	ReloadAssembly (973ms)
		BeginReloadAssembly (116ms)
			ExecutionOrderSort (0ms)
			DisableScriptedObjects (6ms)
			BackupInstance (0ms)
			ReleaseScriptingObjects (0ms)
			CreateAndSetChildDomain (31ms)
		EndReloadAssembly (796ms)
			LoadAssemblies (102ms)
			RebuildTransferFunctionScriptingTraits (0ms)
			SetupTypeCache (277ms)
			ReleaseScriptCaches (1ms)
			RebuildScriptCaches (41ms)
			SetupLoadedEditorAssemblies (295ms)
				LogAssemblyErrors (0ms)
				InitializePlatformSupportModulesInManaged (4ms)
				SetLoadedEditorAssemblies (0ms)
				RefreshPlugins (1ms)
				BeforeProcessingInitializeOnLoad (80ms)
				ProcessInitializeOnLoadAttributes (192ms)
				ProcessInitializeOnLoadMethodAttributes (10ms)
				AfterProcessingInitializeOnLoad (8ms)
				EditorAssembliesLoaded (0ms)
			ExecutionOrderSort2 (0ms)
			AwakeInstancesAfterBackupRestoration (9ms)
Platform modules already initialized, skipping
Refreshing native plugins compatible for Editor in 0.53 ms, found 3 plugins.
Preloading 0 native plugins for Editor in 0.00 ms.
Unloading 2238 Unused Serialized files (Serialized files now loaded: 0)
System memory in use before: 102.8 MB.
System memory in use after: 102.8 MB.

Unloading 20 unused Assets to reduce memory usage. Loaded Objects now: 2799.
Total: 3.200600 ms (FindLiveObjects: 0.177900 ms CreateObjectMapping: 0.098500 ms MarkObjects: 2.468400 ms  DeleteObjects: 0.454800 ms)

AssetImportParameters requested are different than current active one (requested -> active):
  custom:framework-win-MediaFoundation: 216162199b28c13a410421893ffa2e32 -> 
  custom:video-decoder-ogg-theora: a1e56fd34408186e4bbccfd4996cb3dc -> 
  custom:container-muxer-webm: aa71ff27fc2769a1b78a27578f13a17b -> 
  custom:container-demuxer-webm: 4f35f7cbe854078d1ac9338744f61a02 -> 
  custom:container-demuxer-ogg: 62fdf1f143b41e24485cea50d1cbac27 -> 
  custom:video-encoder-webm-vp8: eb34c28f22e8b96e1ab97ce403110664 -> 
  custom:video-decoder-webm-vp8: 9c59270c3fd7afecdb556c50c9e8de78 -> 
  custom:audio-decoder-ogg-vorbis: bf7c407c2cedff20999df2af8eb42d56 -> 
  custom:audio-encoder-webm-vorbis: bf7c407c2cedff20999df2af8eb42d56 -> 
========================================================================
Received Prepare
Registering precompiled user dll's ...
Registered in 0.002200 seconds.
Begin MonoManager ReloadAssembly
Native extension for WindowsStandalone target not found
Refreshing native plugins compatible for Editor in 0.45 ms, found 3 plugins.
Preloading 0 native plugins for Editor in 0.00 ms.
Mono: successfully reloaded assembly
- Completed reload, in  0.903 seconds
Domain Reload Profiling:
	ReloadAssembly (904ms)
		BeginReloadAssembly (104ms)
			ExecutionOrderSort (0ms)
			DisableScriptedObjects (6ms)
			BackupInstance (0ms)
			ReleaseScriptingObjects (0ms)
			CreateAndSetChildDomain (27ms)
		EndReloadAssembly (741ms)
			LoadAssemblies (90ms)
			RebuildTransferFunctionScriptingTraits (0ms)
			SetupTypeCache (260ms)
			ReleaseScriptCaches (1ms)
			RebuildScriptCaches (37ms)
			SetupLoadedEditorAssemblies (276ms)
				LogAssemblyErrors (0ms)
				InitializePlatformSupportModulesInManaged (4ms)
				SetLoadedEditorAssemblies (0ms)
				RefreshPlugins (1ms)
				BeforeProcessingInitializeOnLoad (74ms)
				ProcessInitializeOnLoadAttributes (177ms)
				ProcessInitializeOnLoadMethodAttributes (11ms)
				AfterProcessingInitializeOnLoad (8ms)
				EditorAssembliesLoaded (0ms)
			ExecutionOrderSort2 (0ms)
			AwakeInstancesAfterBackupRestoration (8ms)
Platform modules already initialized, skipping
Refreshing native plugins compatible for Editor in 0.46 ms, found 3 plugins.
Preloading 0 native plugins for Editor in 0.00 ms.
Unloading 2238 Unused Serialized files (Serialized files now loaded: 0)
System memory in use before: 102.9 MB.
System memory in use after: 102.9 MB.

Unloading 20 unused Assets to reduce memory usage. Loaded Objects now: 2802.
Total: 2.682000 ms (FindLiveObjects: 0.176700 ms CreateObjectMapping: 0.091600 ms MarkObjects: 2.298600 ms  DeleteObjects: 0.114400 ms)

AssetImportParameters requested are different than current active one (requested -> active):
  custom:framework-win-MediaFoundation: 216162199b28c13a410421893ffa2e32 -> 
  custom:video-decoder-ogg-theora: a1e56fd34408186e4bbccfd4996cb3dc -> 
  custom:container-muxer-webm: aa71ff27fc2769a1b78a27578f13a17b -> 
  custom:container-demuxer-webm: 4f35f7cbe854078d1ac9338744f61a02 -> 
  custom:container-demuxer-ogg: 62fdf1f143b41e24485cea50d1cbac27 -> 
  custom:video-encoder-webm-vp8: eb34c28f22e8b96e1ab97ce403110664 -> 
  custom:video-decoder-webm-vp8: 9c59270c3fd7afecdb556c50c9e8de78 -> 
  custom:audio-decoder-ogg-vorbis: bf7c407c2cedff20999df2af8eb42d56 -> 
  custom:audio-encoder-webm-vorbis: bf7c407c2cedff20999df2af8eb42d56 -> 
========================================================================
Received Prepare
Registering precompiled user dll's ...
Registered in 0.002341 seconds.
Begin MonoManager ReloadAssembly
Native extension for WindowsStandalone target not found
Refreshing native plugins compatible for Editor in 0.47 ms, found 3 plugins.
Preloading 0 native plugins for Editor in 0.00 ms.
Mono: successfully reloaded assembly
- Completed reload, in  0.961 seconds
Domain Reload Profiling:
	ReloadAssembly (961ms)
		BeginReloadAssembly (109ms)
			ExecutionOrderSort (0ms)
			DisableScriptedObjects (6ms)
			BackupInstance (0ms)
			ReleaseScriptingObjects (0ms)
			CreateAndSetChildDomain (29ms)
		EndReloadAssembly (794ms)
			LoadAssemblies (95ms)
			RebuildTransferFunctionScriptingTraits (0ms)
			SetupTypeCache (274ms)
			ReleaseScriptCaches (1ms)
			RebuildScriptCaches (42ms)
			SetupLoadedEditorAssemblies (291ms)
				LogAssemblyErrors (0ms)
				InitializePlatformSupportModulesInManaged (4ms)
				SetLoadedEditorAssemblies (0ms)
				RefreshPlugins (1ms)
				BeforeProcessingInitializeOnLoad (80ms)
				ProcessInitializeOnLoadAttributes (184ms)
				ProcessInitializeOnLoadMethodAttributes (13ms)
				AfterProcessingInitializeOnLoad (8ms)
				EditorAssembliesLoaded (0ms)
			ExecutionOrderSort2 (0ms)
			AwakeInstancesAfterBackupRestoration (8ms)
Platform modules already initialized, skipping
Refreshing native plugins compatible for Editor in 0.52 ms, found 3 plugins.
Preloading 0 native plugins for Editor in 0.00 ms.
Unloading 2238 Unused Serialized files (Serialized files now loaded: 0)
System memory in use before: 102.9 MB.
System memory in use after: 103.0 MB.

Unloading 20 unused Assets to reduce memory usage. Loaded Objects now: 2805.
Total: 3.274900 ms (FindLiveObjects: 0.168200 ms CreateObjectMapping: 0.084300 ms MarkObjects: 2.901500 ms  DeleteObjects: 0.120100 ms)

AssetImportParameters requested are different than current active one (requested -> active):
  custom:framework-win-MediaFoundation: 216162199b28c13a410421893ffa2e32 -> 
  custom:video-decoder-ogg-theora: a1e56fd34408186e4bbccfd4996cb3dc -> 
  custom:container-muxer-webm: aa71ff27fc2769a1b78a27578f13a17b -> 
  custom:container-demuxer-webm: 4f35f7cbe854078d1ac9338744f61a02 -> 
  custom:container-demuxer-ogg: 62fdf1f143b41e24485cea50d1cbac27 -> 
  custom:video-encoder-webm-vp8: eb34c28f22e8b96e1ab97ce403110664 -> 
  custom:video-decoder-webm-vp8: 9c59270c3fd7afecdb556c50c9e8de78 -> 
  custom:audio-decoder-ogg-vorbis: bf7c407c2cedff20999df2af8eb42d56 -> 
  custom:audio-encoder-webm-vorbis: bf7c407c2cedff20999df2af8eb42d56 -> 
========================================================================
Received Import Request.
  Time since last request: 670.126568 seconds.
  path: Assets/Images/New Animation.anim
  artifactKey: Guid(c791af5b22faa7d4286ba5f8a255742d) Importer(815301076,1909f56bfc062723c751e8b465ee728b)
Start importing Assets/Images/New Animation.anim using Guid(c791af5b22faa7d4286ba5f8a255742d) Importer(815301076,1909f56bfc062723c751e8b465ee728b)  -> (artifact id: 'ab0139fe1c406c4a77ca59545bbe91d2') in 0.018588 seconds 
